[2025-02-23T07:03:40.085Z] [error]: 404::NotFound::NOT_FOUND::
[2025-02-23T08:03:38.042Z] [error]: 404::NotFound::Route not exist!::
[2025-02-23T08:03:59.031Z] [error]: 404::NotFound::Route not exist!::
[2025-02-23T08:06:03.909Z] [error]: 404::NotFound::Route not exist!::
[2025-02-23T08:06:12.241Z] [error]: 404::NotFound::Route not exist!::
[2025-02-23T08:06:23.783Z] [error]: 404::NotFound::Route not exist!::
[2025-02-23T08:07:40.035Z] [error]: 500::ValidationError::"phoneNumber" is required::
[2025-02-23T08:08:05.329Z] [error]: 404::NotFound::Route not exist!::
[2025-02-23T08:10:09.001Z] [error]: 404::NotFound::Route not exist!::
[2025-02-23T08:10:09.767Z] [error]: 404::NotFound::Route not exist!::
[2025-02-23T08:10:10.343Z] [error]: 404::NotFound::Route not exist!::
[2025-02-23T08:10:58.036Z] [error]: 500::ValidationError::"phoneNumber" is required::
[2025-02-23T08:11:09.904Z] [error]: 500::ValidationError::"phoneNumber" with value "123123" fails to match the required pattern: /(\+84|84|0[3|5|7|8|9])+([0-9]{8})\b/::
[2025-02-23T08:16:47.594Z] [error]: 400::Payload validated is invalid!::BAD_REQUEST::
[2025-02-23T08:16:48.981Z] [error]: 400::Payload validated is invalid!::BAD_REQUEST::
[2025-02-23T08:16:49.727Z] [error]: 400::Payload validated is invalid!::BAD_REQUEST::
[2025-02-23T08:16:50.550Z] [error]: 400::Payload validated is invalid!::BAD_REQUEST::
[2025-02-23T08:16:51.209Z] [error]: 400::Payload validated is invalid!::BAD_REQUEST::
[2025-02-23T08:17:00.572Z] [error]: 400::ErrorResponse::Payload validated is invalid!::
[2025-02-23T08:17:32.679Z] [error]: 400::ErrorResponse::Invalid request body!::
[2025-02-23T08:19:38.041Z] [error]: 400::ErrorResponse::Invalid request body!::
[2025-02-23T08:20:04.517Z] [error]: 400::ErrorResponse::Invalid request body!::
[2025-02-23T08:20:26.086Z] [error]: 400::ErrorResponse::Invalid request body!::
[2025-02-23T08:20:48.942Z] [error]: 400::ErrorResponse::Invalid request body!::
[2025-02-23T08:21:09.917Z] [error]: 400::ErrorResponse::Invalid request body!::
[2025-02-23T08:21:14.628Z] [error]: 400::ErrorResponse::Invalid request body!::
[2025-02-23T08:21:21.928Z] [error]: 400::ErrorResponse::Invalid request body!::
[2025-02-23T08:48:00.716Z] [error]: 400::ErrorResponse::Invalid request body!::
[2025-02-23T08:48:19.280Z] [error]: 400::ErrorResponse::Invalid request body!::
[2025-02-23T08:48:24.608Z] [error]: 400::ErrorResponse::Invalid request body!::
[2025-02-23T08:48:38.656Z] [error]: 400::ErrorResponse::Invalid request body!::
[2025-02-23T08:49:16.849Z] [error]: 400::ErrorResponse::Invalid request body!::
[2025-02-23T08:49:35.821Z] [error]: 400::ErrorResponse::Invalid request body!::
[2025-02-23T08:51:41.249Z] [error]: 400::ErrorResponse::Invalid request body!::
[2025-02-23T08:52:07.601Z] [error]: 400::ErrorResponse::Invalid request body!::
[2025-02-23T08:52:14.891Z] [error]: 400::ErrorResponse::Invalid request body!::
[2025-02-23T08:52:18.269Z] [error]: 400::ErrorResponse::Invalid request body!::
[2025-02-23T08:53:33.870Z] [error]: 404::NotFound::NOT_FOUND::
[2025-02-23T08:53:40.778Z] [error]: 404::NotFound:::123::
[2025-02-23T09:17:09.657Z] [error]: 404::NotFound::checkj ::
