[2025-02-28T02:13:25.774Z] [error]: HIDE::404::NotFound::Route not exist!::
[2025-02-28T02:13:25.823Z] [error]: HIDE::404::NotFound::Route not exist!::
[2025-02-28T02:13:25.830Z] [error]: HIDE::404::NotFound::Route not exist!::
[2025-02-28T02:13:25.929Z] [error]: HIDE::404::NotFound::Route not exist!::
[2025-02-28T02:13:25.932Z] [error]: HIDE::404::NotFound::Route not exist!::
[2025-02-28T02:13:25.957Z] [error]: HIDE::404::NotFound::Route not exist!::
[2025-02-28T02:13:26.000Z] [error]: HIDE::404::NotFound::Route not exist!::
[2025-02-28T02:13:26.074Z] [error]: HIDE::404::NotFound::Route not exist!::
[2025-02-28T02:13:26.083Z] [error]: HIDE::404::NotFound::Route not exist!::
[2025-02-28T02:13:26.116Z] [error]: HIDE::404::NotFound::User is exists!::
[2025-02-28T02:13:26.133Z] [error]: HIDE::404::NotFound::User is exists!::
[2025-02-28T02:13:26.135Z] [error]: HIDE::404::NotFound::User is exists!::
[2025-02-28T02:13:26.137Z] [error]: HIDE::404::NotFound::Route not exist!::
[2025-02-28T02:13:26.141Z] [error]: HIDE::404::NotFound::User is exists!::
[2025-02-28T02:13:26.153Z] [error]: HIDE::404::NotFound::User is exists!::
[2025-02-28T02:13:26.154Z] [error]: HIDE::404::NotFound::User is exists!::
[2025-02-28T02:13:26.166Z] [error]: HIDE::404::NotFound::User is exists!::
[2025-02-28T02:13:26.234Z] [error]: HIDE::404::NotFound::User is exists!::
[2025-02-28T02:13:26.265Z] [error]: HIDE::404::NotFound::User is exists!::
[2025-02-28T02:13:26.289Z] [error]: HIDE::404::NotFound::User is exists!::
[2025-02-28T02:13:38.566Z] [error]: HIDE::404::NotFound::Route not exist!::
[2025-02-28T02:13:38.570Z] [error]: HIDE::404::NotFound::Route not exist!::
[2025-02-28T02:13:38.572Z] [error]: HIDE::404::NotFound::Route not exist!::
[2025-02-28T02:13:38.582Z] [error]: HIDE::404::NotFound::Route not exist!::
[2025-02-28T02:13:38.586Z] [error]: HIDE::404::NotFound::Route not exist!::
[2025-02-28T02:13:38.598Z] [error]: HIDE::404::NotFound::Route not exist!::
[2025-02-28T02:13:38.602Z] [error]: HIDE::404::NotFound::Route not exist!::
[2025-02-28T02:13:38.613Z] [error]: HIDE::404::NotFound::Route not exist!::
[2025-02-28T02:13:39.709Z] [error]: HIDE::404::NotFound::Route not exist!::
[2025-02-28T02:13:40.571Z] [error]: HIDE::404::NotFound::Route not exist!::
[2025-02-28T02:13:40.588Z] [error]: HIDE::403::Forbidden::Invalid token!::
[2025-02-28T02:13:40.591Z] [error]: HIDE::403::Forbidden::Invalid token!::
[2025-02-28T02:13:40.595Z] [error]: HIDE::403::Forbidden::Invalid token!::
[2025-02-28T02:13:40.596Z] [error]: HIDE::403::Forbidden::Invalid token!::
[2025-02-28T02:13:40.597Z] [error]: HIDE::404::NotFound::User is exists!::
[2025-02-28T02:13:40.609Z] [error]: HIDE::403::Forbidden::Invalid token!::
[2025-02-28T02:13:40.610Z] [error]: HIDE::404::NotFound::User is exists!::
[2025-02-28T02:13:40.612Z] [error]: HIDE::404::NotFound::User is exists!::
[2025-02-28T02:13:40.613Z] [error]: HIDE::403::Forbidden::Invalid token!::
[2025-02-28T02:13:40.613Z] [error]: HIDE::404::NotFound::User is exists!::
[2025-02-28T02:13:40.614Z] [error]: HIDE::404::NotFound::User is exists!::
[2025-02-28T02:13:40.615Z] [error]: HIDE::403::Forbidden::Invalid token!::
[2025-02-28T02:13:40.616Z] [error]: HIDE::404::NotFound::User is exists!::
[2025-02-28T02:13:40.617Z] [error]: HIDE::404::NotFound::User is exists!::
[2025-02-28T02:13:40.624Z] [error]: HIDE::403::Forbidden::Invalid token!::
[2025-02-28T02:13:40.625Z] [error]: HIDE::404::NotFound::User is exists!::
[2025-02-28T02:13:40.625Z] [error]: HIDE::404::NotFound::User is exists!::
[2025-02-28T02:13:40.679Z] [error]: HIDE::404::NotFound::Token not found!::
[2025-02-28T02:13:40.680Z] [error]: HIDE::404::NotFound::Token not found!::
[2025-02-28T02:13:40.680Z] [error]: HIDE::404::NotFound::Token not found!::
[2025-02-28T02:13:40.681Z] [error]: HIDE::404::NotFound::Token not found!::
[2025-02-28T02:13:40.683Z] [error]: HIDE::404::NotFound::Token not found!::
[2025-02-28T02:13:40.694Z] [error]: HIDE::404::NotFound::Token not found!::
[2025-02-28T02:13:40.704Z] [error]: HIDE::403::Forbidden::Invalid token!::
[2025-02-28T02:13:40.709Z] [error]: HIDE::404::NotFound::Token not found!::
[2025-02-28T02:13:40.712Z] [error]: HIDE::404::NotFound::User is exists!::
[2025-02-28T02:13:40.716Z] [error]: HIDE::403::Forbidden::Invalid token!::
[2025-02-28T02:13:40.721Z] [error]: HIDE::404::NotFound::Token not found!::
[2025-02-28T02:13:51.598Z] [error]: HIDE::404::NotFound::Token not found!::
[2025-02-28T02:13:51.600Z] [error]: HIDE::404::NotFound::Token not found!::
[2025-02-28T02:13:51.684Z] [error]: HIDE::404::NotFound::User is exists!::
[2025-02-28T02:13:52.358Z] [error]: HIDE::403::Forbidden::Invalid token!::
[2025-02-28T02:13:52.359Z] [error]: HIDE::404::NotFound::User is exists!::
[2025-02-28T02:13:52.360Z] [error]: HIDE::404::NotFound::User is exists!::
[2025-02-28T02:13:52.374Z] [error]: HIDE::404::NotFound::Route not exist!::
[2025-02-28T02:13:52.378Z] [error]: HIDE::403::Forbidden::Invalid token!::
[2025-02-28T02:13:52.380Z] [error]: HIDE::403::Forbidden::Invalid token!::
[2025-02-28T02:13:52.385Z] [error]: HIDE::403::Forbidden::Invalid token!::
[2025-02-28T02:13:52.391Z] [error]: HIDE::403::Forbidden::Invalid token!::
[2025-02-28T02:13:52.393Z] [error]: HIDE::403::Forbidden::Invalid token!::
[2025-02-28T02:13:52.396Z] [error]: HIDE::403::Forbidden::Invalid token!::
[2025-02-28T02:13:52.398Z] [error]: HIDE::403::Forbidden::Invalid token!::
[2025-02-28T02:13:52.401Z] [error]: HIDE::404::NotFound::Route not exist!::
[2025-02-28T02:13:52.407Z] [error]: HIDE::404::NotFound::User is exists!::
[2025-02-28T02:13:52.408Z] [error]: HIDE::403::Forbidden::Invalid token!::
[2025-02-28T02:13:52.436Z] [error]: HIDE::404::NotFound::Token not found!::
[2025-02-28T02:13:52.442Z] [error]: HIDE::404::NotFound::Token not found!::
[2025-02-28T02:13:54.034Z] [error]: HIDE::404::NotFound::Route not exist!::
[2025-02-28T02:13:54.035Z] [error]: HIDE::404::NotFound::Route not exist!::
[2025-02-28T02:13:54.037Z] [error]: HIDE::404::NotFound::Route not exist!::
[2025-02-28T02:13:54.041Z] [error]: HIDE::404::NotFound::Route not exist!::
[2025-02-28T02:13:54.043Z] [error]: HIDE::404::NotFound::Token not found!::
[2025-02-28T02:13:54.044Z] [error]: HIDE::404::NotFound::Token not found!::
[2025-02-28T02:13:54.045Z] [error]: HIDE::404::NotFound::Token not found!::
[2025-02-28T02:13:54.047Z] [error]: HIDE::404::NotFound::Token not found!::
[2025-02-28T02:13:54.048Z] [error]: HIDE::404::NotFound::Token not found!::
[2025-02-28T02:13:54.049Z] [error]: HIDE::404::NotFound::Token not found!::
[2025-02-28T02:13:54.050Z] [error]: HIDE::404::NotFound::Token not found!::
[2025-02-28T02:13:54.058Z] [error]: HIDE::404::NotFound::User is exists!::
[2025-02-28T02:13:54.069Z] [error]: HIDE::404::NotFound::User is exists!::
[2025-02-28T02:13:54.071Z] [error]: HIDE::403::Forbidden::Invalid token!::
[2025-02-28T02:13:57.444Z] [error]: HIDE::404::NotFound::Token not found!::
[2025-02-28T02:13:57.448Z] [error]: HIDE::404::NotFound::Route not exist!::
[2025-02-28T02:13:57.451Z] [error]: HIDE::404::NotFound::Route not exist!::
[2025-02-28T02:13:57.457Z] [error]: HIDE::404::NotFound::User is exists!::
[2025-02-28T02:13:57.459Z] [error]: HIDE::404::NotFound::User is exists!::
[2025-02-28T02:13:57.465Z] [error]: HIDE::404::NotFound::User is exists!::
[2025-02-28T02:13:57.470Z] [error]: HIDE::404::NotFound::User is exists!::
[2025-02-28T02:13:57.472Z] [error]: HIDE::403::Forbidden::Invalid token!::
[2025-02-28T02:13:58.827Z] [error]: HIDE::404::NotFound::User is exists!::
[2025-02-28T02:13:58.830Z] [error]: HIDE::404::NotFound::User is exists!::
[2025-02-28T02:13:58.830Z] [error]: HIDE::404::NotFound::Token not found!::
[2025-02-28T02:13:58.832Z] [error]: HIDE::404::NotFound::Route not exist!::
[2025-02-28T02:13:58.833Z] [error]: HIDE::404::NotFound::Route not exist!::
[2025-02-28T02:13:58.834Z] [error]: HIDE::404::NotFound::Route not exist!::
[2025-02-28T02:13:58.835Z] [error]: HIDE::404::NotFound::Route not exist!::
[2025-02-28T02:13:58.836Z] [error]: HIDE::404::NotFound::Route not exist!::
[2025-02-28T02:13:58.838Z] [error]: HIDE::404::NotFound::Route not exist!::
[2025-02-28T02:13:58.851Z] [error]: HIDE::403::Forbidden::Invalid token!::
[2025-02-28T02:13:58.854Z] [error]: HIDE::403::Forbidden::Invalid token!::
[2025-02-28T02:13:58.857Z] [error]: HIDE::403::Forbidden::Invalid token!::
[2025-02-28T02:13:58.860Z] [error]: HIDE::404::NotFound::Route not exist!::
[2025-02-28T02:14:03.098Z] [error]: HIDE::404::NotFound::Route not exist!::
[2025-02-28T02:14:03.100Z] [error]: HIDE::404::NotFound::Token not found!::
[2025-02-28T02:14:03.101Z] [error]: HIDE::404::NotFound::Token not found!::
[2025-02-28T02:14:03.103Z] [error]: HIDE::404::NotFound::User is exists!::
[2025-02-28T02:14:03.105Z] [error]: HIDE::404::NotFound::User is exists!::
[2025-02-28T02:14:03.108Z] [error]: HIDE::404::NotFound::User is exists!::
[2025-02-28T02:14:03.110Z] [error]: HIDE::404::NotFound::User is exists!::
[2025-02-28T02:14:03.111Z] [error]: HIDE::404::NotFound::Token not found!::
[2025-02-28T02:14:03.127Z] [error]: HIDE::404::NotFound::User is exists!::
[2025-02-28T02:14:03.133Z] [error]: HIDE::404::NotFound::User is exists!::
[2025-02-28T02:14:03.134Z] [error]: HIDE::404::NotFound::User is exists!::
[2025-02-28T02:14:03.135Z] [error]: HIDE::403::Forbidden::Invalid token!::
[2025-02-28T02:14:04.780Z] [error]: HIDE::404::NotFound::Token not found!::
[2025-02-28T02:14:04.783Z] [error]: HIDE::404::NotFound::Route not exist!::
[2025-02-28T02:14:04.801Z] [error]: HIDE::403::Forbidden::Invalid token!::
[2025-02-28T02:14:04.806Z] [error]: HIDE::404::NotFound::User is exists!::
[2025-02-28T02:14:04.811Z] [error]: HIDE::403::Forbidden::Invalid token!::
[2025-02-28T02:14:04.812Z] [error]: HIDE::403::Forbidden::Invalid token!::
[2025-02-28T02:14:04.816Z] [error]: HIDE::403::Forbidden::Invalid token!::
[2025-02-28T02:14:04.818Z] [error]: HIDE::403::Forbidden::Invalid token!::
[2025-02-28T02:14:13.209Z] [error]: HIDE::404::NotFound::Route not exist!::
[2025-02-28T02:14:13.211Z] [error]: HIDE::404::NotFound::Route not exist!::
[2025-02-28T02:14:13.211Z] [error]: HIDE::404::NotFound::Token not found!::
[2025-02-28T02:14:13.212Z] [error]: HIDE::404::NotFound::User is exists!::
[2025-02-28T02:14:13.213Z] [error]: HIDE::403::Forbidden::Invalid token!::
[2025-02-28T02:14:13.213Z] [error]: HIDE::404::NotFound::Token not found!::
[2025-02-28T02:14:13.214Z] [error]: HIDE::404::NotFound::Token not found!::
[2025-02-28T02:14:13.214Z] [error]: HIDE::404::NotFound::Token not found!::
[2025-02-28T02:14:13.214Z] [error]: HIDE::404::NotFound::Token not found!::
[2025-02-28T02:14:13.232Z] [error]: HIDE::403::Forbidden::Invalid token!::
[2025-02-28T03:16:28.213Z] [error]: Server closed
[2025-02-28T03:16:28.254Z] [error]: Server closed
[2025-02-28T03:16:28.256Z] [error]: Server closed
[2025-02-28T03:17:01.182Z] [error]: MongoNotConnectedError: Client must be connected before running operations
[2025-02-28T03:17:57.666Z] [error]: HIDE::404::NotFound::Route not exist!::
[2025-02-28T03:17:57.687Z] [error]: HIDE::404::NotFound::Route not exist!::
[2025-02-28T03:17:57.691Z] [error]: HIDE::404::NotFound::Route not exist!::
[2025-02-28T03:18:04.488Z] [error]: HIDE::404::NotFound::Route not exist!::
[2025-02-28T03:18:04.492Z] [error]: HIDE::404::NotFound::Route not exist!::
[2025-02-28T03:18:04.496Z] [error]: HIDE::404::NotFound::Route not exist!::
[2025-02-28T03:18:04.498Z] [error]: HIDE::404::NotFound::Route not exist!::
[2025-02-28T03:18:04.499Z] [error]: HIDE::404::NotFound::Route not exist!::
[2025-02-28T03:18:04.501Z] [error]: HIDE::404::NotFound::Route not exist!::
[2025-02-28T03:18:04.506Z] [error]: HIDE::404::NotFound::Route not exist!::
[2025-02-28T03:18:04.509Z] [error]: HIDE::404::NotFound::Route not exist!::
[2025-02-28T03:18:04.510Z] [error]: HIDE::404::NotFound::Route not exist!::
[2025-02-28T03:18:04.512Z] [error]: HIDE::404::NotFound::Route not exist!::
[2025-02-28T03:18:04.513Z] [error]: HIDE::404::NotFound::Route not exist!::
[2025-02-28T03:18:04.516Z] [error]: HIDE::404::NotFound::Route not exist!::
[2025-02-28T03:18:04.517Z] [error]: HIDE::404::NotFound::Route not exist!::
[2025-02-28T03:18:04.519Z] [error]: HIDE::404::NotFound::Route not exist!::
[2025-02-28T03:18:04.520Z] [error]: HIDE::404::NotFound::Route not exist!::
[2025-02-28T03:18:04.521Z] [error]: HIDE::404::NotFound::Route not exist!::
[2025-02-28T03:18:04.523Z] [error]: HIDE::404::NotFound::Route not exist!::
[2025-02-28T03:18:19.049Z] [error]: HIDE::404::NotFound::User is exists!::
[2025-02-28T03:19:53.253Z] [error]: HIDE::404::NotFound::User is exists!::
[2025-02-28T03:19:57.947Z] [error]: HIDE::404::NotFound::User is exists!::
[2025-02-28T03:29:37.991Z] [error]: HIDE::404::NotFound::User is exists!::
[2025-02-28T03:29:38.005Z] [error]: HIDE::404::NotFound::User is exists!::
[2025-02-28T03:29:38.011Z] [error]: HIDE::404::NotFound::User is exists!::
[2025-02-28T03:29:38.016Z] [error]: HIDE::404::NotFound::User is exists!::
[2025-02-28T03:29:38.027Z] [error]: HIDE::404::NotFound::User is exists!::
[2025-02-28T03:29:38.037Z] [error]: HIDE::404::NotFound::User is exists!::
[2025-02-28T03:29:38.422Z] [error]: HIDE::404::NotFound::User is exists!::
[2025-02-28T03:29:38.523Z] [error]: HIDE::404::NotFound::User is exists!::
[2025-02-28T03:29:38.528Z] [error]: HIDE::404::NotFound::User is exists!::
[2025-02-28T03:29:38.605Z] [error]: HIDE::404::NotFound::User is exists!::
[2025-02-28T03:29:38.621Z] [error]: HIDE::404::NotFound::User is exists!::
[2025-02-28T03:29:38.631Z] [error]: HIDE::404::NotFound::User is exists!::
[2025-02-28T03:29:38.664Z] [error]: HIDE::404::NotFound::User is exists!::
[2025-02-28T03:29:38.676Z] [error]: HIDE::404::NotFound::User is exists!::
[2025-02-28T03:29:38.679Z] [error]: HIDE::404::NotFound::User is exists!::
[2025-02-28T03:29:38.704Z] [error]: HIDE::404::NotFound::User is exists!::
[2025-02-28T03:29:38.720Z] [error]: HIDE::404::NotFound::User is exists!::
[2025-02-28T03:29:38.723Z] [error]: HIDE::404::NotFound::User is exists!::
[2025-02-28T03:29:38.773Z] [error]: HIDE::404::NotFound::User is exists!::
[2025-02-28T03:29:38.803Z] [error]: HIDE::404::NotFound::User is exists!::
[2025-02-28T03:29:39.087Z] [error]: HIDE::404::NotFound::User is exists!::
[2025-02-28T03:29:39.160Z] [error]: HIDE::404::NotFound::User is exists!::
[2025-02-28T03:29:39.163Z] [error]: HIDE::404::NotFound::User is exists!::
[2025-02-28T03:29:39.192Z] [error]: HIDE::404::NotFound::User is exists!::
[2025-02-28T03:29:39.203Z] [error]: HIDE::404::NotFound::User is exists!::
[2025-02-28T03:29:39.268Z] [error]: HIDE::404::NotFound::User is exists!::
[2025-02-28T03:29:39.383Z] [error]: HIDE::404::NotFound::User is exists!::
[2025-02-28T03:29:39.384Z] [error]: HIDE::404::NotFound::User is exists!::
[2025-02-28T03:29:39.580Z] [error]: HIDE::404::NotFound::User is exists!::
[2025-02-28T03:29:39.593Z] [error]: HIDE::404::NotFound::User is exists!::
[2025-02-28T03:29:39.601Z] [error]: HIDE::404::NotFound::User is exists!::
[2025-02-28T03:29:39.606Z] [error]: HIDE::404::NotFound::User is exists!::
[2025-02-28T03:29:39.812Z] [error]: HIDE::404::NotFound::User is exists!::
[2025-02-28T03:29:39.938Z] [error]: HIDE::404::NotFound::User is exists!::
[2025-02-28T03:29:39.982Z] [error]: HIDE::404::NotFound::User is exists!::
[2025-02-28T03:29:40.001Z] [error]: HIDE::404::NotFound::User is exists!::
[2025-02-28T03:29:40.018Z] [error]: HIDE::404::NotFound::User is exists!::
[2025-02-28T03:29:40.075Z] [error]: HIDE::404::NotFound::User is exists!::
[2025-02-28T03:29:40.086Z] [error]: HIDE::404::NotFound::User is exists!::
[2025-02-28T03:29:40.095Z] [error]: HIDE::404::NotFound::User is exists!::
[2025-02-28T03:29:40.099Z] [error]: HIDE::404::NotFound::User is exists!::
[2025-02-28T03:29:40.169Z] [error]: HIDE::404::NotFound::User is exists!::
[2025-02-28T03:29:40.171Z] [error]: HIDE::404::NotFound::User is exists!::
[2025-02-28T03:29:40.288Z] [error]: HIDE::404::NotFound::User is exists!::
[2025-02-28T03:29:40.332Z] [error]: HIDE::404::NotFound::User is exists!::
[2025-02-28T03:29:40.403Z] [error]: HIDE::404::NotFound::User is exists!::
[2025-02-28T03:29:40.505Z] [error]: HIDE::404::NotFound::User is exists!::
[2025-02-28T03:29:40.547Z] [error]: HIDE::404::NotFound::User is exists!::
[2025-02-28T03:29:40.576Z] [error]: HIDE::404::NotFound::User is exists!::
[2025-02-28T03:29:40.767Z] [error]: HIDE::404::NotFound::User is exists!::
[2025-02-28T03:29:40.797Z] [error]: HIDE::404::NotFound::User is exists!::
[2025-02-28T03:29:40.812Z] [error]: HIDE::404::NotFound::User is exists!::
[2025-02-28T03:29:40.822Z] [error]: HIDE::404::NotFound::User is exists!::
[2025-02-28T03:29:40.829Z] [error]: HIDE::404::NotFound::User is exists!::
[2025-02-28T03:29:40.874Z] [error]: HIDE::404::NotFound::User is exists!::
[2025-02-28T03:29:40.896Z] [error]: HIDE::404::NotFound::User is exists!::
[2025-02-28T03:29:40.940Z] [error]: HIDE::404::NotFound::User is exists!::
[2025-02-28T03:29:41.041Z] [error]: HIDE::404::NotFound::User is exists!::
[2025-02-28T03:29:41.099Z] [error]: HIDE::404::NotFound::User is exists!::
[2025-02-28T03:29:41.138Z] [error]: HIDE::404::NotFound::User is exists!::
[2025-02-28T03:29:41.153Z] [error]: HIDE::404::NotFound::User is exists!::
[2025-02-28T03:29:41.302Z] [error]: HIDE::404::NotFound::User is exists!::
[2025-02-28T03:29:41.498Z] [error]: HIDE::404::NotFound::User is exists!::
[2025-02-28T03:29:41.521Z] [error]: HIDE::404::NotFound::User is exists!::
[2025-02-28T03:29:41.593Z] [error]: HIDE::404::NotFound::User is exists!::
[2025-02-28T03:29:41.679Z] [error]: HIDE::404::NotFound::User is exists!::
[2025-02-28T03:29:41.784Z] [error]: HIDE::404::NotFound::User is exists!::
[2025-02-28T03:29:41.805Z] [error]: HIDE::404::NotFound::User is exists!::
[2025-02-28T03:29:41.903Z] [error]: HIDE::404::NotFound::User is exists!::
[2025-02-28T03:29:41.905Z] [error]: HIDE::404::NotFound::User is exists!::
[2025-02-28T03:29:41.920Z] [error]: HIDE::404::NotFound::User is exists!::
[2025-02-28T03:29:41.953Z] [error]: HIDE::404::NotFound::User is exists!::
[2025-02-28T03:29:41.964Z] [error]: HIDE::404::NotFound::User is exists!::
[2025-02-28T03:29:42.069Z] [error]: HIDE::404::NotFound::User is exists!::
[2025-02-28T03:29:42.078Z] [error]: HIDE::404::NotFound::User is exists!::
[2025-02-28T03:29:42.148Z] [error]: HIDE::404::NotFound::User is exists!::
[2025-02-28T03:29:42.178Z] [error]: HIDE::404::NotFound::User is exists!::
[2025-02-28T03:29:42.208Z] [error]: HIDE::404::NotFound::User is exists!::
[2025-02-28T03:29:42.215Z] [error]: HIDE::404::NotFound::User is exists!::
[2025-02-28T03:29:42.272Z] [error]: HIDE::404::NotFound::User is exists!::
[2025-02-28T03:29:42.294Z] [error]: HIDE::404::NotFound::User is exists!::
[2025-02-28T03:29:42.295Z] [error]: HIDE::404::NotFound::User is exists!::
[2025-02-28T03:29:42.397Z] [error]: HIDE::404::NotFound::User is exists!::
[2025-02-28T03:29:42.414Z] [error]: HIDE::404::NotFound::User is exists!::
[2025-02-28T03:29:42.418Z] [error]: HIDE::404::NotFound::User is exists!::
[2025-02-28T03:29:42.593Z] [error]: HIDE::404::NotFound::User is exists!::
[2025-02-28T03:29:42.670Z] [error]: HIDE::404::NotFound::User is exists!::
[2025-02-28T03:29:42.795Z] [error]: HIDE::404::NotFound::User is exists!::
[2025-02-28T03:29:42.835Z] [error]: HIDE::404::NotFound::User is exists!::
[2025-02-28T03:29:42.856Z] [error]: HIDE::404::NotFound::User is exists!::
[2025-02-28T03:29:42.858Z] [error]: HIDE::404::NotFound::User is exists!::
[2025-02-28T03:29:42.914Z] [error]: HIDE::404::NotFound::User is exists!::
[2025-02-28T03:29:42.917Z] [error]: HIDE::404::NotFound::User is exists!::
[2025-02-28T03:29:42.960Z] [error]: HIDE::404::NotFound::User is exists!::
[2025-02-28T03:29:43.007Z] [error]: HIDE::404::NotFound::User is exists!::
[2025-02-28T03:29:43.031Z] [error]: HIDE::404::NotFound::User is exists!::
[2025-02-28T03:29:43.104Z] [error]: HIDE::404::NotFound::User is exists!::
[2025-02-28T03:29:43.308Z] [error]: HIDE::404::NotFound::User is exists!::
[2025-02-28T03:29:43.334Z] [error]: HIDE::404::NotFound::User is exists!::
[2025-02-28T03:29:43.352Z] [error]: HIDE::404::NotFound::User is exists!::
[2025-02-28T03:29:43.379Z] [error]: HIDE::404::NotFound::User is exists!::
[2025-02-28T03:29:43.409Z] [error]: HIDE::404::NotFound::User is exists!::
[2025-02-28T03:29:43.539Z] [error]: HIDE::404::NotFound::User is exists!::
[2025-02-28T03:29:43.625Z] [error]: HIDE::404::NotFound::User is exists!::
[2025-02-28T03:29:43.632Z] [error]: HIDE::404::NotFound::User is exists!::
[2025-02-28T03:29:43.649Z] [error]: HIDE::404::NotFound::User is exists!::
[2025-02-28T03:29:43.674Z] [error]: HIDE::404::NotFound::User is exists!::
[2025-02-28T03:29:43.703Z] [error]: HIDE::404::NotFound::User is exists!::
[2025-02-28T03:29:43.734Z] [error]: HIDE::404::NotFound::User is exists!::
[2025-02-28T03:29:43.776Z] [error]: HIDE::404::NotFound::User is exists!::
[2025-02-28T03:29:43.835Z] [error]: HIDE::404::NotFound::User is exists!::
[2025-02-28T03:29:44.075Z] [error]: HIDE::404::NotFound::User is exists!::
[2025-02-28T03:29:44.163Z] [error]: HIDE::404::NotFound::User is exists!::
[2025-02-28T03:29:44.249Z] [error]: HIDE::404::NotFound::User is exists!::
[2025-02-28T03:29:44.291Z] [error]: HIDE::404::NotFound::User is exists!::
[2025-02-28T03:29:44.305Z] [error]: HIDE::404::NotFound::User is exists!::
[2025-02-28T03:29:44.315Z] [error]: HIDE::404::NotFound::User is exists!::
[2025-02-28T03:29:44.323Z] [error]: HIDE::404::NotFound::User is exists!::
[2025-02-28T03:29:44.346Z] [error]: HIDE::404::NotFound::User is exists!::
[2025-02-28T03:29:44.367Z] [error]: HIDE::404::NotFound::User is exists!::
[2025-02-28T03:29:44.453Z] [error]: HIDE::404::NotFound::User is exists!::
[2025-02-28T03:29:44.513Z] [error]: HIDE::404::NotFound::User is exists!::
[2025-02-28T03:29:44.521Z] [error]: HIDE::404::NotFound::User is exists!::
[2025-02-28T03:29:44.775Z] [error]: HIDE::404::NotFound::User is exists!::
[2025-02-28T03:29:44.781Z] [error]: HIDE::404::NotFound::User is exists!::
[2025-02-28T03:29:44.792Z] [error]: HIDE::404::NotFound::User is exists!::
[2025-02-28T03:29:44.852Z] [error]: HIDE::404::NotFound::User is exists!::
[2025-02-28T03:29:44.865Z] [error]: HIDE::404::NotFound::User is exists!::
[2025-02-28T03:29:44.869Z] [error]: HIDE::404::NotFound::User is exists!::
[2025-02-28T03:29:44.999Z] [error]: HIDE::404::NotFound::User is exists!::
[2025-02-28T03:29:45.135Z] [error]: HIDE::404::NotFound::User is exists!::
[2025-02-28T03:29:45.210Z] [error]: HIDE::404::NotFound::User is exists!::
[2025-02-28T03:29:45.260Z] [error]: HIDE::404::NotFound::User is exists!::
[2025-02-28T03:29:45.338Z] [error]: HIDE::404::NotFound::User is exists!::
[2025-02-28T03:29:45.344Z] [error]: HIDE::404::NotFound::User is exists!::
[2025-02-28T03:29:45.355Z] [error]: HIDE::404::NotFound::User is exists!::
[2025-02-28T03:29:45.424Z] [error]: HIDE::404::NotFound::User is exists!::
[2025-02-28T03:29:45.501Z] [error]: HIDE::404::NotFound::User is exists!::
[2025-02-28T03:29:45.533Z] [error]: HIDE::404::NotFound::User is exists!::
[2025-02-28T03:29:45.561Z] [error]: HIDE::404::NotFound::User is exists!::
[2025-02-28T03:29:45.563Z] [error]: HIDE::404::NotFound::User is exists!::
[2025-02-28T03:29:45.592Z] [error]: HIDE::404::NotFound::User is exists!::
[2025-02-28T03:29:45.597Z] [error]: HIDE::404::NotFound::User is exists!::
[2025-02-28T03:29:45.652Z] [error]: HIDE::404::NotFound::User is exists!::
[2025-02-28T03:29:45.705Z] [error]: HIDE::404::NotFound::User is exists!::
[2025-02-28T03:29:45.730Z] [error]: HIDE::404::NotFound::User is exists!::
[2025-02-28T03:29:45.738Z] [error]: HIDE::404::NotFound::User is exists!::
[2025-02-28T03:29:45.795Z] [error]: HIDE::404::NotFound::User is exists!::
[2025-02-28T03:29:45.904Z] [error]: HIDE::404::NotFound::User is exists!::
[2025-02-28T03:29:45.964Z] [error]: HIDE::404::NotFound::User is exists!::
[2025-02-28T03:29:46.111Z] [error]: HIDE::404::NotFound::User is exists!::
[2025-02-28T03:29:46.331Z] [error]: HIDE::404::NotFound::User is exists!::
[2025-02-28T03:29:46.348Z] [error]: HIDE::404::NotFound::User is exists!::
[2025-02-28T03:29:46.348Z] [error]: HIDE::404::NotFound::User is exists!::
[2025-02-28T03:29:46.351Z] [error]: HIDE::404::NotFound::User is exists!::
[2025-02-28T03:29:46.357Z] [error]: HIDE::404::NotFound::User is exists!::
[2025-02-28T03:29:46.378Z] [error]: HIDE::404::NotFound::User is exists!::
[2025-02-28T03:29:46.389Z] [error]: HIDE::404::NotFound::User is exists!::
[2025-02-28T03:29:46.401Z] [error]: HIDE::404::NotFound::User is exists!::
[2025-02-28T03:29:46.433Z] [error]: HIDE::404::NotFound::User is exists!::
[2025-02-28T03:29:46.536Z] [error]: HIDE::404::NotFound::User is exists!::
[2025-02-28T03:29:46.684Z] [error]: HIDE::404::NotFound::User is exists!::
[2025-02-28T03:29:46.695Z] [error]: HIDE::404::NotFound::User is exists!::
[2025-02-28T03:29:46.830Z] [error]: HIDE::404::NotFound::User is exists!::
[2025-02-28T03:29:46.985Z] [error]: HIDE::404::NotFound::User is exists!::
[2025-02-28T03:29:46.999Z] [error]: HIDE::404::NotFound::User is exists!::
[2025-02-28T03:29:47.032Z] [error]: HIDE::404::NotFound::User is exists!::
[2025-02-28T03:29:47.037Z] [error]: HIDE::404::NotFound::User is exists!::
[2025-02-28T03:29:47.045Z] [error]: HIDE::404::NotFound::User is exists!::
[2025-02-28T03:29:47.078Z] [error]: HIDE::404::NotFound::User is exists!::
[2025-02-28T03:29:47.137Z] [error]: HIDE::404::NotFound::User is exists!::
[2025-02-28T03:29:47.138Z] [error]: HIDE::404::NotFound::User is exists!::
[2025-02-28T03:29:47.160Z] [error]: HIDE::404::NotFound::User is exists!::
[2025-02-28T03:29:47.426Z] [error]: HIDE::404::NotFound::User is exists!::
[2025-02-28T03:29:47.564Z] [error]: HIDE::404::NotFound::User is exists!::
[2025-02-28T03:29:47.583Z] [error]: HIDE::404::NotFound::User is exists!::
[2025-02-28T03:29:47.712Z] [error]: HIDE::404::NotFound::User is exists!::
[2025-02-28T03:29:47.816Z] [error]: HIDE::404::NotFound::User is exists!::
[2025-02-28T03:29:47.825Z] [error]: HIDE::404::NotFound::User is exists!::
[2025-02-28T03:29:47.835Z] [error]: HIDE::404::NotFound::User is exists!::
[2025-02-28T03:29:47.884Z] [error]: HIDE::404::NotFound::User is exists!::
[2025-02-28T03:29:47.890Z] [error]: HIDE::404::NotFound::User is exists!::
[2025-02-28T03:29:47.908Z] [error]: HIDE::404::NotFound::User is exists!::
[2025-02-28T03:29:47.952Z] [error]: HIDE::404::NotFound::User is exists!::
[2025-02-28T03:29:48.021Z] [error]: HIDE::404::NotFound::User is exists!::
[2025-02-28T03:29:48.041Z] [error]: HIDE::404::NotFound::User is exists!::
[2025-02-28T03:29:48.061Z] [error]: HIDE::404::NotFound::User is exists!::
[2025-02-28T03:29:48.094Z] [error]: HIDE::404::NotFound::User is exists!::
[2025-02-28T03:29:48.112Z] [error]: HIDE::404::NotFound::User is exists!::
[2025-02-28T03:29:48.115Z] [error]: HIDE::404::NotFound::User is exists!::
[2025-02-28T03:29:48.174Z] [error]: HIDE::404::NotFound::User is exists!::
[2025-02-28T03:29:48.446Z] [error]: HIDE::404::NotFound::User is exists!::
[2025-02-28T03:29:48.547Z] [error]: HIDE::404::NotFound::User is exists!::
[2025-02-28T03:29:48.789Z] [error]: HIDE::404::NotFound::User is exists!::
[2025-02-28T03:29:48.790Z] [error]: HIDE::404::NotFound::User is exists!::
[2025-02-28T03:29:48.792Z] [error]: HIDE::404::NotFound::User is exists!::
[2025-02-28T03:29:48.811Z] [error]: HIDE::404::NotFound::User is exists!::
[2025-02-28T03:29:48.896Z] [error]: HIDE::404::NotFound::User is exists!::
[2025-02-28T03:29:48.916Z] [error]: HIDE::404::NotFound::User is exists!::
[2025-02-28T03:29:48.942Z] [error]: HIDE::404::NotFound::User is exists!::
[2025-02-28T03:29:48.983Z] [error]: HIDE::404::NotFound::User is exists!::
[2025-02-28T03:29:49.217Z] [error]: HIDE::404::NotFound::User is exists!::
[2025-02-28T03:29:49.221Z] [error]: HIDE::404::NotFound::User is exists!::
[2025-02-28T03:29:49.240Z] [error]: HIDE::404::NotFound::User is exists!::
[2025-02-28T03:29:49.285Z] [error]: HIDE::404::NotFound::User is exists!::
[2025-02-28T03:29:49.346Z] [error]: HIDE::404::NotFound::User is exists!::
[2025-02-28T03:29:49.382Z] [error]: HIDE::404::NotFound::User is exists!::
[2025-02-28T03:29:49.494Z] [error]: HIDE::404::NotFound::User is exists!::
[2025-02-28T03:29:49.569Z] [error]: HIDE::404::NotFound::User is exists!::
[2025-02-28T03:29:49.628Z] [error]: HIDE::404::NotFound::User is exists!::
[2025-02-28T03:29:49.629Z] [error]: HIDE::404::NotFound::User is exists!::
[2025-02-28T03:29:49.666Z] [error]: HIDE::404::NotFound::User is exists!::
[2025-02-28T03:29:49.725Z] [error]: HIDE::404::NotFound::User is exists!::
[2025-02-28T03:29:49.806Z] [error]: HIDE::404::NotFound::User is exists!::
[2025-02-28T03:29:49.920Z] [error]: HIDE::404::NotFound::User is exists!::
[2025-02-28T03:29:49.991Z] [error]: HIDE::404::NotFound::User is exists!::
[2025-02-28T03:29:49.997Z] [error]: HIDE::404::NotFound::User is exists!::
[2025-02-28T03:29:50.065Z] [error]: HIDE::404::NotFound::User is exists!::
[2025-02-28T03:29:50.168Z] [error]: HIDE::404::NotFound::User is exists!::
[2025-02-28T03:29:50.192Z] [error]: HIDE::404::NotFound::User is exists!::
[2025-02-28T03:29:50.225Z] [error]: HIDE::404::NotFound::User is exists!::
[2025-02-28T03:29:50.226Z] [error]: HIDE::404::NotFound::User is exists!::
[2025-02-28T03:29:50.270Z] [error]: HIDE::404::NotFound::User is exists!::
[2025-02-28T03:29:50.389Z] [error]: HIDE::404::NotFound::User is exists!::
[2025-02-28T03:29:50.473Z] [error]: HIDE::404::NotFound::User is exists!::
[2025-02-28T03:29:50.549Z] [error]: HIDE::404::NotFound::User is exists!::
[2025-02-28T03:29:50.634Z] [error]: HIDE::404::NotFound::User is exists!::
[2025-02-28T03:29:50.635Z] [error]: HIDE::404::NotFound::User is exists!::
[2025-02-28T03:29:50.649Z] [error]: HIDE::404::NotFound::User is exists!::
[2025-02-28T03:29:50.682Z] [error]: HIDE::404::NotFound::User is exists!::
[2025-02-28T03:29:50.710Z] [error]: HIDE::404::NotFound::User is exists!::
[2025-02-28T03:29:50.753Z] [error]: HIDE::404::NotFound::User is exists!::
[2025-02-28T03:29:51.052Z] [error]: HIDE::404::NotFound::User is exists!::
[2025-02-28T03:29:51.061Z] [error]: HIDE::404::NotFound::User is exists!::
[2025-02-28T03:29:51.094Z] [error]: HIDE::404::NotFound::User is exists!::
[2025-02-28T03:29:51.110Z] [error]: HIDE::404::NotFound::User is exists!::
[2025-02-28T03:29:51.247Z] [error]: HIDE::404::NotFound::User is exists!::
[2025-02-28T03:29:51.260Z] [error]: HIDE::404::NotFound::User is exists!::
[2025-02-28T03:29:51.319Z] [error]: HIDE::404::NotFound::User is exists!::
[2025-02-28T03:29:51.337Z] [error]: HIDE::404::NotFound::User is exists!::
[2025-02-28T03:29:51.396Z] [error]: HIDE::404::NotFound::User is exists!::
[2025-02-28T03:29:51.423Z] [error]: HIDE::404::NotFound::User is exists!::
[2025-02-28T03:29:51.557Z] [error]: HIDE::404::NotFound::User is exists!::
[2025-02-28T03:29:51.575Z] [error]: HIDE::404::NotFound::User is exists!::
[2025-02-28T03:29:51.601Z] [error]: HIDE::404::NotFound::User is exists!::
[2025-02-28T03:29:51.634Z] [error]: HIDE::404::NotFound::User is exists!::
[2025-02-28T03:29:51.739Z] [error]: HIDE::404::NotFound::User is exists!::
[2025-02-28T03:29:51.749Z] [error]: HIDE::404::NotFound::User is exists!::
[2025-02-28T03:29:51.762Z] [error]: HIDE::404::NotFound::User is exists!::
[2025-02-28T03:29:51.821Z] [error]: HIDE::404::NotFound::User is exists!::
[2025-02-28T03:29:51.852Z] [error]: HIDE::404::NotFound::User is exists!::
[2025-02-28T03:29:51.954Z] [error]: HIDE::404::NotFound::User is exists!::
[2025-02-28T03:29:51.956Z] [error]: HIDE::404::NotFound::User is exists!::
[2025-02-28T03:29:51.960Z] [error]: HIDE::404::NotFound::User is exists!::
[2025-02-28T03:29:52.063Z] [error]: HIDE::404::NotFound::User is exists!::
[2025-02-28T03:29:52.195Z] [error]: HIDE::404::NotFound::User is exists!::
[2025-02-28T03:29:52.209Z] [error]: HIDE::404::NotFound::User is exists!::
[2025-02-28T03:29:52.357Z] [error]: HIDE::404::NotFound::User is exists!::
[2025-02-28T03:29:52.360Z] [error]: HIDE::404::NotFound::User is exists!::
[2025-02-28T03:29:52.373Z] [error]: HIDE::404::NotFound::User is exists!::
[2025-02-28T03:29:52.527Z] [error]: HIDE::404::NotFound::User is exists!::
[2025-02-28T03:29:52.631Z] [error]: HIDE::404::NotFound::User is exists!::
[2025-02-28T03:29:52.711Z] [error]: HIDE::404::NotFound::User is exists!::
[2025-02-28T03:29:52.724Z] [error]: HIDE::404::NotFound::User is exists!::
[2025-02-28T03:29:52.751Z] [error]: HIDE::404::NotFound::User is exists!::
[2025-02-28T03:29:52.764Z] [error]: HIDE::404::NotFound::User is exists!::
[2025-02-28T03:29:52.795Z] [error]: HIDE::404::NotFound::User is exists!::
[2025-02-28T03:29:52.796Z] [error]: HIDE::404::NotFound::User is exists!::
[2025-02-28T03:29:52.808Z] [error]: HIDE::404::NotFound::User is exists!::
[2025-02-28T03:29:52.820Z] [error]: HIDE::404::NotFound::User is exists!::
[2025-02-28T03:29:52.879Z] [error]: HIDE::404::NotFound::User is exists!::
[2025-02-28T03:29:52.923Z] [error]: HIDE::404::NotFound::User is exists!::
[2025-02-28T03:29:52.979Z] [error]: HIDE::404::NotFound::User is exists!::
[2025-02-28T03:29:53.084Z] [error]: HIDE::404::NotFound::User is exists!::
[2025-02-28T03:29:53.241Z] [error]: HIDE::404::NotFound::User is exists!::
[2025-02-28T03:29:53.387Z] [error]: HIDE::404::NotFound::User is exists!::
[2025-02-28T03:29:53.481Z] [error]: HIDE::404::NotFound::User is exists!::
[2025-02-28T03:29:53.486Z] [error]: HIDE::404::NotFound::User is exists!::
[2025-02-28T03:29:53.530Z] [error]: HIDE::404::NotFound::User is exists!::
[2025-02-28T03:29:53.710Z] [error]: HIDE::404::NotFound::User is exists!::
[2025-02-28T03:29:53.738Z] [error]: HIDE::404::NotFound::User is exists!::
[2025-02-28T03:29:53.742Z] [error]: HIDE::404::NotFound::User is exists!::
[2025-02-28T03:29:53.753Z] [error]: HIDE::404::NotFound::User is exists!::
[2025-02-28T03:29:53.756Z] [error]: HIDE::404::NotFound::User is exists!::
[2025-02-28T03:29:53.792Z] [error]: HIDE::404::NotFound::User is exists!::
[2025-02-28T03:29:53.897Z] [error]: HIDE::404::NotFound::User is exists!::
[2025-02-28T03:29:53.938Z] [error]: HIDE::404::NotFound::User is exists!::
[2025-02-28T03:29:53.943Z] [error]: HIDE::404::NotFound::User is exists!::
[2025-02-28T03:29:54.047Z] [error]: HIDE::404::NotFound::User is exists!::
[2025-02-28T03:29:54.124Z] [error]: HIDE::404::NotFound::User is exists!::
[2025-02-28T03:29:54.186Z] [error]: HIDE::404::NotFound::User is exists!::
[2025-02-28T03:29:54.229Z] [error]: HIDE::404::NotFound::User is exists!::
[2025-02-28T03:29:54.349Z] [error]: HIDE::404::NotFound::User is exists!::
[2025-02-28T03:29:54.394Z] [error]: HIDE::404::NotFound::User is exists!::
[2025-02-28T03:29:54.452Z] [error]: HIDE::404::NotFound::User is exists!::
[2025-02-28T03:29:54.457Z] [error]: HIDE::404::NotFound::User is exists!::
[2025-02-28T03:29:54.501Z] [error]: HIDE::404::NotFound::User is exists!::
[2025-02-28T03:29:54.617Z] [error]: HIDE::404::NotFound::User is exists!::
[2025-02-28T03:29:54.621Z] [error]: HIDE::404::NotFound::User is exists!::
[2025-02-28T03:29:54.680Z] [error]: HIDE::404::NotFound::User is exists!::
[2025-02-28T03:29:54.769Z] [error]: HIDE::404::NotFound::User is exists!::
[2025-02-28T03:29:54.779Z] [error]: HIDE::404::NotFound::User is exists!::
[2025-02-28T03:29:54.886Z] [error]: HIDE::404::NotFound::User is exists!::
[2025-02-28T03:29:55.033Z] [error]: HIDE::404::NotFound::User is exists!::
[2025-02-28T03:29:55.040Z] [error]: HIDE::404::NotFound::User is exists!::
[2025-02-28T03:29:55.122Z] [error]: HIDE::404::NotFound::User is exists!::
[2025-02-28T03:29:55.169Z] [error]: HIDE::404::NotFound::User is exists!::
[2025-02-28T03:29:55.183Z] [error]: HIDE::404::NotFound::User is exists!::
[2025-02-28T03:29:55.357Z] [error]: HIDE::404::NotFound::User is exists!::
[2025-02-28T03:29:55.359Z] [error]: HIDE::404::NotFound::User is exists!::
[2025-02-28T03:29:55.364Z] [error]: HIDE::404::NotFound::User is exists!::
[2025-02-28T03:29:55.367Z] [error]: HIDE::404::NotFound::User is exists!::
[2025-02-28T03:29:55.409Z] [error]: HIDE::404::NotFound::User is exists!::
[2025-02-28T03:29:55.421Z] [error]: HIDE::404::NotFound::User is exists!::
[2025-02-28T03:29:55.605Z] [error]: HIDE::404::NotFound::User is exists!::
[2025-02-28T03:29:55.630Z] [error]: HIDE::404::NotFound::User is exists!::
[2025-02-28T03:29:55.688Z] [error]: HIDE::404::NotFound::User is exists!::
[2025-02-28T03:29:55.883Z] [error]: HIDE::404::NotFound::User is exists!::
[2025-02-28T03:29:55.942Z] [error]: HIDE::404::NotFound::User is exists!::
[2025-02-28T03:29:55.944Z] [error]: HIDE::404::NotFound::User is exists!::
[2025-02-28T03:29:56.001Z] [error]: HIDE::404::NotFound::User is exists!::
[2025-02-28T03:29:56.061Z] [error]: HIDE::404::NotFound::User is exists!::
[2025-02-28T03:29:56.080Z] [error]: HIDE::404::NotFound::User is exists!::
[2025-02-28T03:29:56.139Z] [error]: HIDE::404::NotFound::User is exists!::
[2025-02-28T03:29:56.148Z] [error]: HIDE::404::NotFound::User is exists!::
[2025-02-28T03:29:56.206Z] [error]: HIDE::404::NotFound::User is exists!::
[2025-02-28T03:29:56.210Z] [error]: HIDE::404::NotFound::User is exists!::
[2025-02-28T03:29:56.268Z] [error]: HIDE::404::NotFound::User is exists!::
[2025-02-28T03:29:56.311Z] [error]: HIDE::404::NotFound::User is exists!::
[2025-02-28T03:29:56.443Z] [error]: HIDE::404::NotFound::User is exists!::
[2025-02-28T03:29:56.447Z] [error]: HIDE::404::NotFound::User is exists!::
[2025-02-28T03:29:56.537Z] [error]: HIDE::404::NotFound::User is exists!::
[2025-02-28T03:29:56.584Z] [error]: HIDE::404::NotFound::User is exists!::
[2025-02-28T03:29:56.630Z] [error]: HIDE::404::NotFound::User is exists!::
[2025-02-28T03:29:56.673Z] [error]: HIDE::404::NotFound::User is exists!::
[2025-02-28T03:29:56.689Z] [error]: HIDE::404::NotFound::User is exists!::
[2025-02-28T03:29:56.693Z] [error]: HIDE::404::NotFound::User is exists!::
[2025-02-28T03:29:56.695Z] [error]: HIDE::404::NotFound::User is exists!::
[2025-02-28T03:29:56.856Z] [error]: HIDE::404::NotFound::User is exists!::
[2025-02-28T03:29:56.869Z] [error]: HIDE::404::NotFound::User is exists!::
[2025-02-28T03:29:56.876Z] [error]: HIDE::404::NotFound::User is exists!::
[2025-02-28T03:29:56.908Z] [error]: HIDE::404::NotFound::User is exists!::
[2025-02-28T03:29:57.090Z] [error]: HIDE::404::NotFound::User is exists!::
[2025-02-28T03:29:57.163Z] [error]: HIDE::404::NotFound::User is exists!::
[2025-02-28T03:29:57.436Z] [error]: HIDE::404::NotFound::User is exists!::
[2025-02-28T03:29:57.527Z] [error]: HIDE::404::NotFound::User is exists!::
[2025-02-28T03:29:57.549Z] [error]: HIDE::404::NotFound::User is exists!::
[2025-02-28T03:29:57.649Z] [error]: HIDE::404::NotFound::User is exists!::
[2025-02-28T03:29:57.654Z] [error]: HIDE::404::NotFound::User is exists!::
[2025-02-28T03:29:57.668Z] [error]: HIDE::404::NotFound::User is exists!::
[2025-02-28T03:29:57.670Z] [error]: HIDE::404::NotFound::User is exists!::
[2025-02-28T03:29:57.731Z] [error]: HIDE::404::NotFound::User is exists!::
[2025-02-28T03:29:57.771Z] [error]: HIDE::404::NotFound::User is exists!::
[2025-02-28T03:29:57.775Z] [error]: HIDE::404::NotFound::User is exists!::
[2025-02-28T03:29:57.864Z] [error]: HIDE::404::NotFound::User is exists!::
[2025-02-28T03:29:57.910Z] [error]: HIDE::404::NotFound::User is exists!::
[2025-02-28T03:29:57.919Z] [error]: HIDE::404::NotFound::User is exists!::
[2025-02-28T03:29:57.953Z] [error]: HIDE::404::NotFound::User is exists!::
[2025-02-28T03:29:57.999Z] [error]: HIDE::404::NotFound::User is exists!::
[2025-02-28T03:29:58.060Z] [error]: HIDE::404::NotFound::User is exists!::
[2025-02-28T03:29:58.121Z] [error]: HIDE::404::NotFound::User is exists!::
[2025-02-28T03:29:58.370Z] [error]: HIDE::404::NotFound::User is exists!::
[2025-02-28T03:29:58.395Z] [error]: HIDE::404::NotFound::User is exists!::
[2025-02-28T03:29:58.414Z] [error]: HIDE::404::NotFound::User is exists!::
[2025-02-28T03:29:58.415Z] [error]: HIDE::404::NotFound::User is exists!::
[2025-02-28T03:29:58.439Z] [error]: HIDE::404::NotFound::User is exists!::
[2025-02-28T03:29:58.440Z] [error]: HIDE::404::NotFound::User is exists!::
[2025-02-28T03:29:58.477Z] [error]: HIDE::404::NotFound::User is exists!::
[2025-02-28T03:29:58.718Z] [error]: HIDE::404::NotFound::User is exists!::
[2025-02-28T03:29:58.763Z] [error]: HIDE::404::NotFound::User is exists!::
[2025-02-28T03:29:58.765Z] [error]: HIDE::404::NotFound::User is exists!::
[2025-02-28T03:29:58.901Z] [error]: HIDE::404::NotFound::User is exists!::
[2025-02-28T03:29:58.902Z] [error]: HIDE::404::NotFound::User is exists!::
[2025-02-28T03:29:59.026Z] [error]: HIDE::404::NotFound::User is exists!::
[2025-02-28T03:29:59.111Z] [error]: HIDE::404::NotFound::User is exists!::
[2025-02-28T03:29:59.212Z] [error]: HIDE::404::NotFound::User is exists!::
[2025-02-28T03:29:59.215Z] [error]: HIDE::404::NotFound::User is exists!::
[2025-02-28T03:29:59.235Z] [error]: HIDE::404::NotFound::User is exists!::
[2025-02-28T03:29:59.263Z] [error]: HIDE::404::NotFound::User is exists!::
[2025-02-28T03:29:59.280Z] [error]: HIDE::404::NotFound::User is exists!::
[2025-02-28T03:29:59.324Z] [error]: HIDE::404::NotFound::User is exists!::
[2025-02-28T03:29:59.460Z] [error]: HIDE::404::NotFound::User is exists!::
[2025-02-28T03:29:59.486Z] [error]: HIDE::404::NotFound::User is exists!::
[2025-02-28T03:29:59.565Z] [error]: HIDE::404::NotFound::User is exists!::
[2025-02-28T03:29:59.640Z] [error]: HIDE::404::NotFound::User is exists!::
[2025-02-28T03:29:59.683Z] [error]: HIDE::404::NotFound::User is exists!::
[2025-02-28T03:29:59.719Z] [error]: HIDE::404::NotFound::User is exists!::
[2025-02-28T03:29:59.730Z] [error]: HIDE::404::NotFound::User is exists!::
[2025-02-28T03:29:59.733Z] [error]: HIDE::404::NotFound::User is exists!::
[2025-02-28T03:29:59.792Z] [error]: HIDE::404::NotFound::User is exists!::
[2025-02-28T03:29:59.807Z] [error]: HIDE::404::NotFound::User is exists!::
[2025-02-28T03:29:59.851Z] [error]: HIDE::404::NotFound::User is exists!::
[2025-02-28T03:30:00.032Z] [error]: HIDE::404::NotFound::User is exists!::
[2025-02-28T03:30:00.095Z] [error]: HIDE::404::NotFound::User is exists!::
[2025-02-28T03:30:00.119Z] [error]: HIDE::404::NotFound::User is exists!::
[2025-02-28T03:30:00.278Z] [error]: HIDE::404::NotFound::User is exists!::
[2025-02-28T03:30:00.341Z] [error]: HIDE::404::NotFound::User is exists!::
[2025-02-28T03:30:00.426Z] [error]: HIDE::404::NotFound::User is exists!::
[2025-02-28T03:30:00.480Z] [error]: HIDE::404::NotFound::User is exists!::
[2025-02-28T03:30:00.500Z] [error]: HIDE::404::NotFound::User is exists!::
[2025-02-28T03:30:00.503Z] [error]: HIDE::404::NotFound::User is exists!::
[2025-02-28T03:30:00.597Z] [error]: HIDE::404::NotFound::User is exists!::
[2025-02-28T03:30:00.684Z] [error]: HIDE::404::NotFound::User is exists!::
[2025-02-28T03:30:00.706Z] [error]: HIDE::404::NotFound::User is exists!::
[2025-02-28T03:30:00.722Z] [error]: HIDE::404::NotFound::User is exists!::
[2025-02-28T03:30:00.775Z] [error]: HIDE::404::NotFound::User is exists!::
[2025-02-28T03:30:00.777Z] [error]: HIDE::404::NotFound::User is exists!::
[2025-02-28T03:30:00.802Z] [error]: HIDE::404::NotFound::User is exists!::
[2025-02-28T03:30:00.852Z] [error]: HIDE::404::NotFound::User is exists!::
[2025-02-28T03:30:01.010Z] [error]: HIDE::404::NotFound::User is exists!::
[2025-02-28T03:30:01.047Z] [error]: HIDE::404::NotFound::User is exists!::
[2025-02-28T03:30:01.070Z] [error]: HIDE::404::NotFound::User is exists!::
[2025-02-28T03:30:01.189Z] [error]: HIDE::404::NotFound::User is exists!::
[2025-02-28T03:30:01.236Z] [error]: HIDE::404::NotFound::User is exists!::
[2025-02-28T03:30:01.388Z] [error]: HIDE::404::NotFound::User is exists!::
[2025-02-28T03:30:01.394Z] [error]: HIDE::404::NotFound::User is exists!::
[2025-02-28T03:30:01.442Z] [error]: HIDE::404::NotFound::User is exists!::
[2025-02-28T03:30:01.473Z] [error]: HIDE::404::NotFound::User is exists!::
[2025-02-28T03:30:01.591Z] [error]: HIDE::404::NotFound::User is exists!::
[2025-02-28T03:30:01.633Z] [error]: HIDE::404::NotFound::User is exists!::
[2025-02-28T03:30:01.660Z] [error]: HIDE::404::NotFound::User is exists!::
[2025-02-28T03:30:01.662Z] [error]: HIDE::404::NotFound::User is exists!::
[2025-02-28T03:30:01.664Z] [error]: HIDE::404::NotFound::User is exists!::
[2025-02-28T03:30:01.670Z] [error]: HIDE::404::NotFound::User is exists!::
[2025-02-28T03:30:01.761Z] [error]: HIDE::404::NotFound::User is exists!::
[2025-02-28T03:30:01.812Z] [error]: HIDE::404::NotFound::User is exists!::
[2025-02-28T03:30:01.835Z] [error]: HIDE::404::NotFound::User is exists!::
[2025-02-28T03:30:01.992Z] [error]: HIDE::404::NotFound::User is exists!::
[2025-02-28T03:30:02.039Z] [error]: HIDE::404::NotFound::User is exists!::
[2025-02-28T03:30:02.058Z] [error]: HIDE::404::NotFound::User is exists!::
[2025-02-28T03:30:02.098Z] [error]: HIDE::404::NotFound::User is exists!::
[2025-02-28T03:30:02.151Z] [error]: HIDE::404::NotFound::User is exists!::
[2025-02-28T03:30:02.199Z] [error]: HIDE::404::NotFound::User is exists!::
[2025-02-28T03:30:02.248Z] [error]: HIDE::404::NotFound::User is exists!::
[2025-02-28T03:30:03.699Z] [error]: HIDE::404::NotFound::User is exists!::
[2025-02-28T03:30:03.776Z] [error]: HIDE::404::NotFound::User is exists!::
[2025-02-28T03:30:03.824Z] [error]: HIDE::404::NotFound::User is exists!::
[2025-02-28T03:30:04.012Z] [error]: HIDE::404::NotFound::User is exists!::
[2025-02-28T03:30:04.106Z] [error]: HIDE::404::NotFound::User is exists!::
[2025-02-28T03:30:04.170Z] [error]: HIDE::404::NotFound::User is exists!::
[2025-02-28T03:30:04.188Z] [error]: HIDE::404::NotFound::User is exists!::
[2025-02-28T03:30:04.196Z] [error]: HIDE::404::NotFound::User is exists!::
[2025-02-28T03:30:04.219Z] [error]: HIDE::404::NotFound::User is exists!::
[2025-02-28T03:30:04.245Z] [error]: HIDE::404::NotFound::User is exists!::
[2025-02-28T03:30:04.278Z] [error]: HIDE::404::NotFound::User is exists!::
[2025-02-28T03:30:04.313Z] [error]: HIDE::404::NotFound::User is exists!::
[2025-02-28T03:30:04.323Z] [error]: HIDE::404::NotFound::User is exists!::
[2025-02-28T03:30:04.367Z] [error]: HIDE::404::NotFound::User is exists!::
[2025-02-28T03:30:04.540Z] [error]: HIDE::404::NotFound::User is exists!::
[2025-02-28T03:30:04.620Z] [error]: HIDE::404::NotFound::User is exists!::
[2025-02-28T03:30:04.645Z] [error]: HIDE::404::NotFound::User is exists!::
[2025-02-28T03:30:04.667Z] [error]: HIDE::404::NotFound::User is exists!::
[2025-02-28T03:30:04.846Z] [error]: HIDE::404::NotFound::User is exists!::
[2025-02-28T03:30:04.987Z] [error]: HIDE::404::NotFound::User is exists!::
[2025-02-28T03:30:04.993Z] [error]: HIDE::404::NotFound::User is exists!::
[2025-02-28T03:30:05.122Z] [error]: HIDE::404::NotFound::User is exists!::
[2025-02-28T03:30:05.196Z] [error]: HIDE::404::NotFound::User is exists!::
[2025-02-28T03:30:05.206Z] [error]: HIDE::404::NotFound::User is exists!::
[2025-02-28T03:30:05.285Z] [error]: HIDE::404::NotFound::User is exists!::
[2025-02-28T03:30:05.348Z] [error]: HIDE::404::NotFound::User is exists!::
[2025-02-28T03:30:05.390Z] [error]: HIDE::404::NotFound::User is exists!::
[2025-02-28T03:30:05.523Z] [error]: HIDE::404::NotFound::User is exists!::
[2025-02-28T03:30:05.546Z] [error]: HIDE::404::NotFound::User is exists!::
[2025-02-28T03:30:05.591Z] [error]: HIDE::404::NotFound::User is exists!::
[2025-02-28T03:30:05.599Z] [error]: HIDE::404::NotFound::User is exists!::
[2025-02-28T03:30:05.610Z] [error]: HIDE::404::NotFound::User is exists!::
[2025-02-28T03:30:05.629Z] [error]: HIDE::404::NotFound::User is exists!::
[2025-02-28T03:30:05.652Z] [error]: HIDE::404::NotFound::User is exists!::
[2025-02-28T03:30:05.656Z] [error]: HIDE::404::NotFound::User is exists!::
[2025-02-28T03:30:05.740Z] [error]: HIDE::404::NotFound::User is exists!::
[2025-02-28T03:30:05.743Z] [error]: HIDE::404::NotFound::User is exists!::
[2025-02-28T03:30:05.894Z] [error]: HIDE::404::NotFound::User is exists!::
[2025-02-28T03:30:05.905Z] [error]: HIDE::404::NotFound::User is exists!::
[2025-02-28T03:30:05.965Z] [error]: HIDE::404::NotFound::User is exists!::
[2025-02-28T03:30:06.205Z] [error]: HIDE::404::NotFound::User is exists!::
[2025-02-28T03:30:06.231Z] [error]: HIDE::404::NotFound::User is exists!::
[2025-02-28T03:30:06.238Z] [error]: HIDE::404::NotFound::User is exists!::
[2025-02-28T03:30:06.261Z] [error]: HIDE::404::NotFound::User is exists!::
[2025-02-28T03:30:06.291Z] [error]: HIDE::404::NotFound::User is exists!::
[2025-02-28T03:30:06.451Z] [error]: HIDE::404::NotFound::User is exists!::
[2025-02-28T03:30:06.462Z] [error]: HIDE::404::NotFound::User is exists!::
[2025-02-28T03:30:06.504Z] [error]: HIDE::404::NotFound::User is exists!::
[2025-02-28T03:30:06.525Z] [error]: HIDE::404::NotFound::User is exists!::
[2025-02-28T03:30:06.624Z] [error]: HIDE::404::NotFound::User is exists!::
[2025-02-28T03:30:06.778Z] [error]: HIDE::404::NotFound::User is exists!::
[2025-02-28T03:30:06.791Z] [error]: HIDE::404::NotFound::User is exists!::
[2025-02-28T03:30:06.841Z] [error]: HIDE::404::NotFound::User is exists!::
[2025-02-28T03:30:06.867Z] [error]: HIDE::404::NotFound::User is exists!::
[2025-02-28T03:30:06.873Z] [error]: HIDE::404::NotFound::User is exists!::
[2025-02-28T03:30:06.876Z] [error]: HIDE::404::NotFound::User is exists!::
[2025-02-28T03:30:06.958Z] [error]: HIDE::404::NotFound::User is exists!::
[2025-02-28T03:30:06.979Z] [error]: HIDE::404::NotFound::User is exists!::
[2025-02-28T03:30:07.006Z] [error]: HIDE::404::NotFound::User is exists!::
[2025-02-28T03:30:07.161Z] [error]: HIDE::404::NotFound::User is exists!::
[2025-02-28T03:30:07.169Z] [error]: HIDE::404::NotFound::User is exists!::
[2025-02-28T03:30:07.228Z] [error]: HIDE::404::NotFound::User is exists!::
[2025-02-28T03:30:07.345Z] [error]: HIDE::404::NotFound::User is exists!::
[2025-02-28T03:30:07.370Z] [error]: HIDE::404::NotFound::User is exists!::
[2025-02-28T03:30:07.458Z] [error]: HIDE::404::NotFound::User is exists!::
[2025-02-28T03:30:07.563Z] [error]: HIDE::404::NotFound::User is exists!::
[2025-02-28T03:30:07.571Z] [error]: HIDE::404::NotFound::User is exists!::
[2025-02-28T03:30:07.579Z] [error]: HIDE::404::NotFound::User is exists!::
[2025-02-28T03:30:07.606Z] [error]: HIDE::404::NotFound::User is exists!::
[2025-02-28T03:30:07.743Z] [error]: HIDE::404::NotFound::User is exists!::
[2025-02-28T03:30:07.757Z] [error]: HIDE::404::NotFound::User is exists!::
[2025-02-28T03:30:07.790Z] [error]: HIDE::404::NotFound::User is exists!::
[2025-02-28T03:30:07.925Z] [error]: HIDE::404::NotFound::User is exists!::
[2025-02-28T03:30:07.937Z] [error]: HIDE::404::NotFound::User is exists!::
[2025-02-28T03:30:07.948Z] [error]: HIDE::404::NotFound::User is exists!::
[2025-02-28T03:30:08.009Z] [error]: HIDE::404::NotFound::User is exists!::
[2025-02-28T03:30:08.023Z] [error]: HIDE::404::NotFound::User is exists!::
[2025-02-28T03:30:08.093Z] [error]: HIDE::404::NotFound::User is exists!::
[2025-02-28T03:30:08.176Z] [error]: HIDE::404::NotFound::User is exists!::
[2025-02-28T03:30:08.193Z] [error]: HIDE::404::NotFound::User is exists!::
[2025-02-28T03:30:08.238Z] [error]: HIDE::404::NotFound::User is exists!::
[2025-02-28T03:30:08.292Z] [error]: HIDE::404::NotFound::User is exists!::
[2025-02-28T03:30:08.394Z] [error]: HIDE::404::NotFound::User is exists!::
[2025-02-28T03:30:08.397Z] [error]: HIDE::404::NotFound::User is exists!::
[2025-02-28T03:30:08.416Z] [error]: HIDE::404::NotFound::User is exists!::
[2025-02-28T03:30:08.476Z] [error]: HIDE::404::NotFound::User is exists!::
[2025-02-28T03:30:08.539Z] [error]: HIDE::404::NotFound::User is exists!::
[2025-02-28T03:30:08.594Z] [error]: HIDE::404::NotFound::User is exists!::
[2025-02-28T03:30:08.707Z] [error]: HIDE::404::NotFound::User is exists!::
[2025-02-28T03:30:08.730Z] [error]: HIDE::404::NotFound::User is exists!::
[2025-02-28T03:30:08.738Z] [error]: HIDE::404::NotFound::User is exists!::
[2025-02-28T03:30:08.756Z] [error]: HIDE::404::NotFound::User is exists!::
[2025-02-28T03:30:08.758Z] [error]: HIDE::404::NotFound::User is exists!::
[2025-02-28T03:30:08.893Z] [error]: HIDE::404::NotFound::User is exists!::
[2025-02-28T03:30:08.913Z] [error]: HIDE::404::NotFound::User is exists!::
[2025-02-28T03:30:08.982Z] [error]: HIDE::404::NotFound::User is exists!::
[2025-02-28T03:30:09.089Z] [error]: HIDE::404::NotFound::User is exists!::
[2025-02-28T03:30:09.116Z] [error]: HIDE::404::NotFound::User is exists!::
[2025-02-28T03:30:09.134Z] [error]: HIDE::404::NotFound::User is exists!::
[2025-02-28T03:30:09.195Z] [error]: HIDE::404::NotFound::User is exists!::
[2025-02-28T03:30:09.286Z] [error]: HIDE::404::NotFound::User is exists!::
[2025-02-28T03:30:09.400Z] [error]: HIDE::404::NotFound::User is exists!::
[2025-02-28T03:30:09.472Z] [error]: HIDE::404::NotFound::User is exists!::
[2025-02-28T03:30:09.531Z] [error]: HIDE::404::NotFound::User is exists!::
[2025-02-28T03:30:09.575Z] [error]: HIDE::404::NotFound::User is exists!::
[2025-02-28T03:30:09.647Z] [error]: HIDE::404::NotFound::User is exists!::
[2025-02-28T03:30:09.649Z] [error]: HIDE::404::NotFound::User is exists!::
[2025-02-28T03:30:09.698Z] [error]: HIDE::404::NotFound::User is exists!::
[2025-02-28T03:30:09.736Z] [error]: HIDE::404::NotFound::User is exists!::
[2025-02-28T03:30:09.753Z] [error]: HIDE::404::NotFound::User is exists!::
[2025-02-28T03:30:09.829Z] [error]: HIDE::404::NotFound::User is exists!::
[2025-02-28T03:30:09.839Z] [error]: HIDE::404::NotFound::User is exists!::
[2025-02-28T03:30:09.840Z] [error]: HIDE::404::NotFound::User is exists!::
[2025-02-28T03:30:09.841Z] [error]: HIDE::404::NotFound::User is exists!::
[2025-02-28T03:30:09.847Z] [error]: HIDE::404::NotFound::User is exists!::
[2025-02-28T03:30:09.931Z] [error]: HIDE::404::NotFound::User is exists!::
[2025-02-28T03:30:10.035Z] [error]: HIDE::404::NotFound::User is exists!::
[2025-02-28T03:30:10.079Z] [error]: HIDE::404::NotFound::User is exists!::
[2025-02-28T03:30:10.168Z] [error]: HIDE::404::NotFound::User is exists!::
[2025-02-28T03:30:10.313Z] [error]: HIDE::404::NotFound::User is exists!::
[2025-02-28T03:30:10.315Z] [error]: HIDE::404::NotFound::User is exists!::
[2025-02-28T03:30:10.476Z] [error]: HIDE::404::NotFound::User is exists!::
[2025-02-28T03:30:10.488Z] [error]: HIDE::404::NotFound::User is exists!::
[2025-02-28T03:30:10.635Z] [error]: HIDE::404::NotFound::User is exists!::
[2025-02-28T03:30:10.639Z] [error]: HIDE::404::NotFound::User is exists!::
[2025-02-28T03:30:10.781Z] [error]: HIDE::404::NotFound::User is exists!::
[2025-02-28T03:30:10.785Z] [error]: HIDE::404::NotFound::User is exists!::
[2025-02-28T03:30:10.792Z] [error]: HIDE::404::NotFound::User is exists!::
[2025-02-28T03:30:10.809Z] [error]: HIDE::404::NotFound::User is exists!::
[2025-02-28T03:30:10.838Z] [error]: HIDE::404::NotFound::User is exists!::
[2025-02-28T03:30:10.881Z] [error]: HIDE::404::NotFound::User is exists!::
[2025-02-28T03:30:10.910Z] [error]: HIDE::404::NotFound::User is exists!::
[2025-02-28T03:30:10.925Z] [error]: HIDE::404::NotFound::User is exists!::
[2025-02-28T03:30:10.945Z] [error]: HIDE::404::NotFound::User is exists!::
[2025-02-28T03:30:10.973Z] [error]: HIDE::404::NotFound::User is exists!::
[2025-02-28T03:30:11.060Z] [error]: HIDE::404::NotFound::User is exists!::
[2025-02-28T03:30:11.080Z] [error]: HIDE::404::NotFound::User is exists!::
[2025-02-28T03:30:11.179Z] [error]: HIDE::404::NotFound::User is exists!::
[2025-02-28T03:30:11.209Z] [error]: HIDE::404::NotFound::User is exists!::
[2025-02-28T03:30:11.282Z] [error]: HIDE::404::NotFound::User is exists!::
[2025-02-28T03:30:11.295Z] [error]: HIDE::404::NotFound::User is exists!::
[2025-02-28T03:30:11.408Z] [error]: HIDE::404::NotFound::User is exists!::
[2025-02-28T03:30:11.450Z] [error]: HIDE::404::NotFound::User is exists!::
[2025-02-28T03:30:11.559Z] [error]: HIDE::404::NotFound::User is exists!::
[2025-02-28T03:30:11.662Z] [error]: HIDE::404::NotFound::User is exists!::
[2025-02-28T03:30:11.678Z] [error]: HIDE::404::NotFound::User is exists!::
[2025-02-28T03:30:11.680Z] [error]: HIDE::404::NotFound::User is exists!::
[2025-02-28T03:30:11.781Z] [error]: HIDE::404::NotFound::User is exists!::
[2025-02-28T03:30:11.793Z] [error]: HIDE::404::NotFound::User is exists!::
[2025-02-28T03:30:11.851Z] [error]: HIDE::404::NotFound::User is exists!::
[2025-02-28T03:30:11.954Z] [error]: HIDE::404::NotFound::User is exists!::
[2025-02-28T03:30:11.990Z] [error]: HIDE::404::NotFound::User is exists!::
[2025-02-28T03:30:12.032Z] [error]: HIDE::404::NotFound::User is exists!::
[2025-02-28T03:30:12.076Z] [error]: HIDE::404::NotFound::User is exists!::
[2025-02-28T03:30:12.134Z] [error]: HIDE::404::NotFound::User is exists!::
[2025-02-28T03:30:12.193Z] [error]: HIDE::404::NotFound::User is exists!::
[2025-02-28T03:30:12.235Z] [error]: HIDE::404::NotFound::User is exists!::
[2025-02-28T03:30:12.294Z] [error]: HIDE::404::NotFound::User is exists!::
[2025-02-28T03:30:12.318Z] [error]: HIDE::404::NotFound::User is exists!::
[2025-02-28T03:30:12.409Z] [error]: HIDE::404::NotFound::User is exists!::
[2025-02-28T03:30:12.411Z] [error]: HIDE::404::NotFound::User is exists!::
[2025-02-28T03:30:12.436Z] [error]: HIDE::404::NotFound::User is exists!::
[2025-02-28T03:30:12.685Z] [error]: HIDE::404::NotFound::User is exists!::
[2025-02-28T03:30:12.715Z] [error]: HIDE::404::NotFound::User is exists!::
[2025-02-28T03:30:12.801Z] [error]: HIDE::404::NotFound::User is exists!::
[2025-02-28T03:30:12.858Z] [error]: HIDE::404::NotFound::User is exists!::
[2025-02-28T03:30:12.874Z] [error]: HIDE::404::NotFound::User is exists!::
[2025-02-28T03:30:12.904Z] [error]: HIDE::404::NotFound::User is exists!::
[2025-02-28T03:30:12.909Z] [error]: HIDE::404::NotFound::User is exists!::
[2025-02-28T03:30:12.943Z] [error]: HIDE::404::NotFound::User is exists!::
[2025-02-28T03:30:12.946Z] [error]: HIDE::404::NotFound::User is exists!::
[2025-02-28T03:30:12.951Z] [error]: HIDE::404::NotFound::User is exists!::
[2025-02-28T03:30:12.995Z] [error]: HIDE::404::NotFound::User is exists!::
[2025-02-28T03:30:13.004Z] [error]: HIDE::404::NotFound::User is exists!::
[2025-02-28T03:30:13.077Z] [error]: HIDE::404::NotFound::User is exists!::
[2025-02-28T03:30:13.126Z] [error]: HIDE::404::NotFound::User is exists!::
[2025-02-28T03:30:13.166Z] [error]: HIDE::404::NotFound::User is exists!::
[2025-02-28T03:30:13.225Z] [error]: HIDE::404::NotFound::User is exists!::
[2025-02-28T03:30:13.311Z] [error]: HIDE::404::NotFound::User is exists!::
[2025-02-28T03:30:13.432Z] [error]: HIDE::404::NotFound::User is exists!::
[2025-02-28T03:30:13.602Z] [error]: HIDE::404::NotFound::User is exists!::
[2025-02-28T03:30:13.647Z] [error]: HIDE::404::NotFound::User is exists!::
[2025-02-28T03:30:13.659Z] [error]: HIDE::404::NotFound::User is exists!::
[2025-02-28T03:30:13.661Z] [error]: HIDE::404::NotFound::User is exists!::
[2025-02-28T03:30:13.804Z] [error]: HIDE::404::NotFound::User is exists!::
[2025-02-28T03:30:13.831Z] [error]: HIDE::404::NotFound::User is exists!::
[2025-02-28T03:30:13.933Z] [error]: HIDE::404::NotFound::User is exists!::
[2025-02-28T03:30:13.941Z] [error]: HIDE::404::NotFound::User is exists!::
[2025-02-28T03:30:13.961Z] [error]: HIDE::404::NotFound::User is exists!::
[2025-02-28T03:30:13.994Z] [error]: HIDE::404::NotFound::User is exists!::
[2025-02-28T03:30:14.022Z] [error]: HIDE::404::NotFound::User is exists!::
[2025-02-28T03:30:14.099Z] [error]: HIDE::404::NotFound::User is exists!::
[2025-02-28T03:30:14.157Z] [error]: HIDE::404::NotFound::User is exists!::
[2025-02-28T03:30:14.329Z] [error]: HIDE::404::NotFound::User is exists!::
[2025-02-28T03:30:14.346Z] [error]: HIDE::404::NotFound::User is exists!::
[2025-02-28T03:30:14.449Z] [error]: HIDE::404::NotFound::User is exists!::
[2025-02-28T03:30:14.552Z] [error]: HIDE::404::NotFound::User is exists!::
[2025-02-28T03:30:14.667Z] [error]: HIDE::404::NotFound::User is exists!::
[2025-02-28T03:30:14.681Z] [error]: HIDE::404::NotFound::User is exists!::
[2025-02-28T03:30:14.725Z] [error]: HIDE::404::NotFound::User is exists!::
[2025-02-28T03:30:14.751Z] [error]: HIDE::404::NotFound::User is exists!::
[2025-02-28T03:30:14.852Z] [error]: HIDE::404::NotFound::User is exists!::
[2025-02-28T03:30:14.910Z] [error]: HIDE::404::NotFound::User is exists!::
[2025-02-28T03:30:14.966Z] [error]: HIDE::404::NotFound::User is exists!::
[2025-02-28T03:30:15.070Z] [error]: HIDE::404::NotFound::User is exists!::
[2025-02-28T03:30:15.082Z] [error]: HIDE::404::NotFound::User is exists!::
[2025-02-28T03:30:15.083Z] [error]: HIDE::404::NotFound::User is exists!::
[2025-02-28T03:30:15.126Z] [error]: HIDE::404::NotFound::User is exists!::
[2025-02-28T03:30:15.198Z] [error]: HIDE::404::NotFound::User is exists!::
[2025-02-28T03:30:15.269Z] [error]: HIDE::404::NotFound::User is exists!::
[2025-02-28T03:30:15.371Z] [error]: HIDE::404::NotFound::User is exists!::
[2025-02-28T03:30:15.418Z] [error]: HIDE::404::NotFound::User is exists!::
[2025-02-28T03:30:15.441Z] [error]: HIDE::404::NotFound::User is exists!::
[2025-02-28T03:30:15.486Z] [error]: HIDE::404::NotFound::User is exists!::
[2025-02-28T03:30:15.543Z] [error]: HIDE::404::NotFound::User is exists!::
[2025-02-28T03:30:15.702Z] [error]: HIDE::404::NotFound::User is exists!::
[2025-02-28T03:30:15.837Z] [error]: HIDE::404::NotFound::User is exists!::
[2025-02-28T03:30:15.871Z] [error]: HIDE::404::NotFound::User is exists!::
[2025-02-28T03:30:15.886Z] [error]: HIDE::404::NotFound::User is exists!::
[2025-02-28T03:30:15.895Z] [error]: HIDE::404::NotFound::User is exists!::
[2025-02-28T03:30:16.071Z] [error]: HIDE::404::NotFound::User is exists!::
[2025-02-28T03:30:16.135Z] [error]: HIDE::404::NotFound::User is exists!::
[2025-02-28T03:30:16.262Z] [error]: HIDE::404::NotFound::User is exists!::
[2025-02-28T03:30:16.290Z] [error]: HIDE::404::NotFound::User is exists!::
[2025-02-28T03:30:16.311Z] [error]: HIDE::404::NotFound::User is exists!::
[2025-02-28T03:30:16.512Z] [error]: HIDE::404::NotFound::User is exists!::
[2025-02-28T03:30:16.552Z] [error]: HIDE::404::NotFound::User is exists!::
[2025-02-28T03:30:16.559Z] [error]: HIDE::404::NotFound::User is exists!::
[2025-02-28T03:30:16.570Z] [error]: HIDE::404::NotFound::User is exists!::
[2025-02-28T03:30:16.610Z] [error]: HIDE::404::NotFound::User is exists!::
[2025-02-28T03:30:16.631Z] [error]: HIDE::404::NotFound::User is exists!::
[2025-02-28T03:30:16.635Z] [error]: HIDE::404::NotFound::User is exists!::
[2025-02-28T03:30:16.640Z] [error]: HIDE::404::NotFound::User is exists!::
[2025-02-28T03:30:16.642Z] [error]: HIDE::404::NotFound::User is exists!::
[2025-02-28T03:30:16.777Z] [error]: HIDE::404::NotFound::User is exists!::
[2025-02-28T03:30:16.806Z] [error]: HIDE::404::NotFound::User is exists!::
[2025-02-28T03:30:16.936Z] [error]: HIDE::404::NotFound::User is exists!::
[2025-02-28T03:30:16.965Z] [error]: HIDE::404::NotFound::User is exists!::
[2025-02-28T03:30:16.996Z] [error]: HIDE::404::NotFound::User is exists!::
[2025-02-28T03:30:17.128Z] [error]: HIDE::404::NotFound::User is exists!::
[2025-02-28T03:30:17.247Z] [error]: HIDE::404::NotFound::User is exists!::
[2025-02-28T03:30:17.252Z] [error]: HIDE::404::NotFound::User is exists!::
[2025-02-28T03:30:17.279Z] [error]: HIDE::404::NotFound::User is exists!::
[2025-02-28T03:30:17.295Z] [error]: HIDE::404::NotFound::User is exists!::
[2025-02-28T03:30:17.428Z] [error]: HIDE::404::NotFound::User is exists!::
[2025-02-28T03:30:17.429Z] [error]: HIDE::404::NotFound::User is exists!::
[2025-02-28T03:30:17.585Z] [error]: HIDE::404::NotFound::User is exists!::
[2025-02-28T03:30:17.635Z] [error]: HIDE::404::NotFound::User is exists!::
[2025-02-28T03:30:17.657Z] [error]: HIDE::404::NotFound::User is exists!::
[2025-02-28T03:30:17.747Z] [error]: HIDE::404::NotFound::User is exists!::
[2025-02-28T03:30:17.801Z] [error]: HIDE::404::NotFound::User is exists!::
[2025-02-28T03:30:17.846Z] [error]: HIDE::404::NotFound::User is exists!::
[2025-02-28T03:30:17.890Z] [error]: HIDE::404::NotFound::User is exists!::
[2025-02-28T03:30:17.922Z] [error]: HIDE::404::NotFound::User is exists!::
[2025-02-28T03:30:17.926Z] [error]: HIDE::404::NotFound::User is exists!::
[2025-02-28T03:30:17.969Z] [error]: HIDE::404::NotFound::User is exists!::
[2025-02-28T03:30:17.981Z] [error]: HIDE::404::NotFound::User is exists!::
[2025-02-28T03:30:18.068Z] [error]: HIDE::404::NotFound::User is exists!::
[2025-02-28T03:30:18.100Z] [error]: HIDE::404::NotFound::User is exists!::
[2025-02-28T03:30:18.262Z] [error]: HIDE::404::NotFound::User is exists!::
[2025-02-28T03:30:18.319Z] [error]: HIDE::404::NotFound::User is exists!::
[2025-02-28T03:30:18.422Z] [error]: HIDE::404::NotFound::User is exists!::
[2025-02-28T03:30:18.431Z] [error]: HIDE::404::NotFound::User is exists!::
[2025-02-28T03:30:18.564Z] [error]: HIDE::404::NotFound::User is exists!::
[2025-02-28T03:30:18.568Z] [error]: HIDE::404::NotFound::User is exists!::
[2025-02-28T03:30:18.579Z] [error]: HIDE::404::NotFound::User is exists!::
[2025-02-28T03:30:18.584Z] [error]: HIDE::404::NotFound::User is exists!::
[2025-02-28T03:30:18.591Z] [error]: HIDE::404::NotFound::User is exists!::
[2025-02-28T03:30:18.627Z] [error]: HIDE::404::NotFound::User is exists!::
[2025-02-28T03:30:18.772Z] [error]: HIDE::404::NotFound::User is exists!::
[2025-02-28T03:30:18.815Z] [error]: HIDE::404::NotFound::User is exists!::
[2025-02-28T03:30:18.908Z] [error]: HIDE::404::NotFound::User is exists!::
[2025-02-28T03:30:18.968Z] [error]: HIDE::404::NotFound::User is exists!::
[2025-02-28T03:30:19.071Z] [error]: HIDE::404::NotFound::User is exists!::
[2025-02-28T03:30:19.147Z] [error]: HIDE::404::NotFound::User is exists!::
[2025-02-28T03:30:19.220Z] [error]: HIDE::404::NotFound::User is exists!::
[2025-02-28T03:30:19.226Z] [error]: HIDE::404::NotFound::User is exists!::
[2025-02-28T03:30:19.226Z] [error]: HIDE::404::NotFound::User is exists!::
[2025-02-28T03:30:19.230Z] [error]: HIDE::404::NotFound::User is exists!::
[2025-02-28T03:30:19.331Z] [error]: HIDE::404::NotFound::User is exists!::
[2025-02-28T03:30:19.399Z] [error]: HIDE::404::NotFound::User is exists!::
[2025-02-28T03:30:19.428Z] [error]: HIDE::404::NotFound::User is exists!::
[2025-02-28T03:30:19.462Z] [error]: HIDE::404::NotFound::User is exists!::
[2025-02-28T03:30:19.601Z] [error]: HIDE::404::NotFound::User is exists!::
[2025-02-28T03:30:19.607Z] [error]: HIDE::404::NotFound::User is exists!::
[2025-02-28T03:30:19.612Z] [error]: HIDE::404::NotFound::User is exists!::
[2025-02-28T03:30:19.617Z] [error]: HIDE::404::NotFound::User is exists!::
[2025-02-28T03:30:19.660Z] [error]: HIDE::404::NotFound::User is exists!::
[2025-02-28T03:30:19.809Z] [error]: HIDE::404::NotFound::User is exists!::
[2025-02-28T03:30:19.992Z] [error]: HIDE::404::NotFound::User is exists!::
[2025-02-28T03:30:20.080Z] [error]: HIDE::404::NotFound::User is exists!::
[2025-02-28T03:30:20.105Z] [error]: HIDE::404::NotFound::User is exists!::
[2025-02-28T03:30:20.149Z] [error]: HIDE::404::NotFound::User is exists!::
[2025-02-28T03:30:20.227Z] [error]: HIDE::404::NotFound::User is exists!::
[2025-02-28T03:30:20.285Z] [error]: HIDE::404::NotFound::User is exists!::
[2025-02-28T03:30:20.305Z] [error]: HIDE::404::NotFound::User is exists!::
[2025-02-28T03:30:20.329Z] [error]: HIDE::404::NotFound::User is exists!::
[2025-02-28T03:30:20.349Z] [error]: HIDE::404::NotFound::User is exists!::
[2025-02-28T03:30:20.372Z] [error]: HIDE::404::NotFound::User is exists!::
[2025-02-28T03:30:20.408Z] [error]: HIDE::404::NotFound::User is exists!::
[2025-02-28T03:30:20.414Z] [error]: HIDE::404::NotFound::User is exists!::
[2025-02-28T03:30:20.459Z] [error]: HIDE::404::NotFound::User is exists!::
[2025-02-28T03:30:20.486Z] [error]: HIDE::404::NotFound::User is exists!::
[2025-02-28T03:30:20.503Z] [error]: HIDE::404::NotFound::User is exists!::
[2025-02-28T03:30:20.523Z] [error]: HIDE::404::NotFound::User is exists!::
[2025-02-28T03:30:20.681Z] [error]: HIDE::404::NotFound::User is exists!::
[2025-02-28T03:30:20.705Z] [error]: HIDE::404::NotFound::User is exists!::
[2025-02-28T03:30:20.726Z] [error]: HIDE::404::NotFound::User is exists!::
[2025-02-28T03:30:20.779Z] [error]: HIDE::404::NotFound::User is exists!::
[2025-02-28T03:30:20.887Z] [error]: HIDE::404::NotFound::User is exists!::
[2025-02-28T03:30:20.930Z] [error]: HIDE::404::NotFound::User is exists!::
[2025-02-28T03:30:21.011Z] [error]: HIDE::404::NotFound::User is exists!::
[2025-02-28T03:30:21.016Z] [error]: HIDE::404::NotFound::User is exists!::
[2025-02-28T03:30:21.027Z] [error]: HIDE::404::NotFound::User is exists!::
[2025-02-28T03:30:21.061Z] [error]: HIDE::404::NotFound::User is exists!::
[2025-02-28T03:30:21.116Z] [error]: HIDE::404::NotFound::User is exists!::
[2025-02-28T03:30:21.143Z] [error]: HIDE::404::NotFound::User is exists!::
[2025-02-28T03:30:21.176Z] [error]: HIDE::404::NotFound::User is exists!::
[2025-02-28T03:30:21.198Z] [error]: HIDE::404::NotFound::User is exists!::
[2025-02-28T03:30:21.357Z] [error]: HIDE::404::NotFound::User is exists!::
[2025-02-28T03:30:21.383Z] [error]: HIDE::404::NotFound::User is exists!::
[2025-02-28T03:30:21.499Z] [error]: HIDE::404::NotFound::User is exists!::
[2025-02-28T03:30:21.600Z] [error]: HIDE::404::NotFound::User is exists!::
[2025-02-28T03:30:21.688Z] [error]: HIDE::404::NotFound::User is exists!::
[2025-02-28T03:30:21.934Z] [error]: HIDE::404::NotFound::User is exists!::
[2025-02-28T03:30:22.006Z] [error]: HIDE::404::NotFound::User is exists!::
[2025-02-28T03:30:22.010Z] [error]: HIDE::404::NotFound::User is exists!::
[2025-02-28T03:30:22.103Z] [error]: HIDE::404::NotFound::User is exists!::
[2025-02-28T03:30:22.109Z] [error]: HIDE::404::NotFound::User is exists!::
[2025-02-28T03:30:22.121Z] [error]: HIDE::404::NotFound::User is exists!::
[2025-02-28T03:30:22.132Z] [error]: HIDE::404::NotFound::User is exists!::
[2025-02-28T03:30:22.136Z] [error]: HIDE::404::NotFound::User is exists!::
[2025-02-28T03:30:22.144Z] [error]: HIDE::404::NotFound::User is exists!::
[2025-02-28T03:30:22.160Z] [error]: HIDE::404::NotFound::User is exists!::
[2025-02-28T03:30:22.237Z] [error]: HIDE::404::NotFound::User is exists!::
[2025-02-28T03:30:22.259Z] [error]: HIDE::404::NotFound::User is exists!::
[2025-02-28T03:30:22.273Z] [error]: HIDE::404::NotFound::User is exists!::
[2025-02-28T03:30:22.296Z] [error]: HIDE::404::NotFound::User is exists!::
[2025-02-28T03:30:22.443Z] [error]: HIDE::404::NotFound::User is exists!::
[2025-02-28T03:30:22.597Z] [error]: HIDE::404::NotFound::User is exists!::
[2025-02-28T03:30:22.604Z] [error]: HIDE::404::NotFound::User is exists!::
[2025-02-28T03:30:22.637Z] [error]: HIDE::404::NotFound::User is exists!::
[2025-02-28T03:30:22.669Z] [error]: HIDE::404::NotFound::User is exists!::
[2025-02-28T03:30:22.771Z] [error]: HIDE::404::NotFound::User is exists!::
[2025-02-28T03:30:22.793Z] [error]: HIDE::404::NotFound::User is exists!::
[2025-02-28T03:30:22.796Z] [error]: HIDE::404::NotFound::User is exists!::
[2025-02-28T03:30:22.899Z] [error]: HIDE::404::NotFound::User is exists!::
[2025-02-28T03:30:22.985Z] [error]: HIDE::404::NotFound::User is exists!::
[2025-02-28T03:30:23.128Z] [error]: HIDE::404::NotFound::User is exists!::
[2025-02-28T03:30:23.231Z] [error]: HIDE::404::NotFound::User is exists!::
[2025-02-28T03:30:23.309Z] [error]: HIDE::404::NotFound::User is exists!::
[2025-02-28T03:30:23.318Z] [error]: HIDE::404::NotFound::User is exists!::
[2025-02-28T03:30:23.376Z] [error]: HIDE::404::NotFound::User is exists!::
[2025-02-28T03:30:23.435Z] [error]: HIDE::404::NotFound::User is exists!::
[2025-02-28T03:30:23.667Z] [error]: HIDE::404::NotFound::User is exists!::
[2025-02-28T03:30:23.683Z] [error]: HIDE::404::NotFound::User is exists!::
[2025-02-28T03:30:23.692Z] [error]: HIDE::404::NotFound::User is exists!::
[2025-02-28T03:30:23.702Z] [error]: HIDE::404::NotFound::User is exists!::
[2025-02-28T03:30:23.708Z] [error]: HIDE::404::NotFound::User is exists!::
[2025-02-28T03:30:23.879Z] [error]: HIDE::404::NotFound::User is exists!::
[2025-02-28T03:30:23.883Z] [error]: HIDE::404::NotFound::User is exists!::
[2025-02-28T03:30:23.893Z] [error]: HIDE::404::NotFound::User is exists!::
[2025-02-28T03:30:23.899Z] [error]: HIDE::404::NotFound::User is exists!::
[2025-02-28T03:30:23.923Z] [error]: HIDE::404::NotFound::User is exists!::
[2025-02-28T03:30:24.073Z] [error]: HIDE::404::NotFound::User is exists!::
[2025-02-28T03:30:24.148Z] [error]: HIDE::404::NotFound::User is exists!::
[2025-02-28T03:30:24.208Z] [error]: HIDE::404::NotFound::User is exists!::
[2025-02-28T03:30:24.267Z] [error]: HIDE::404::NotFound::User is exists!::
[2025-02-28T03:30:24.301Z] [error]: HIDE::404::NotFound::User is exists!::
[2025-02-28T03:30:24.415Z] [error]: HIDE::404::NotFound::User is exists!::
[2025-02-28T03:30:24.549Z] [error]: HIDE::404::NotFound::User is exists!::
[2025-02-28T03:30:24.557Z] [error]: HIDE::404::NotFound::User is exists!::
[2025-02-28T03:30:24.637Z] [error]: HIDE::404::NotFound::User is exists!::
[2025-02-28T03:30:24.692Z] [error]: HIDE::404::NotFound::User is exists!::
[2025-02-28T03:30:24.697Z] [error]: HIDE::404::NotFound::User is exists!::
[2025-02-28T03:30:24.722Z] [error]: HIDE::404::NotFound::User is exists!::
[2025-02-28T03:30:24.792Z] [error]: HIDE::404::NotFound::User is exists!::
[2025-02-28T03:30:24.817Z] [error]: HIDE::404::NotFound::User is exists!::
[2025-02-28T03:30:24.844Z] [error]: HIDE::404::NotFound::User is exists!::
[2025-02-28T03:30:24.845Z] [error]: HIDE::404::NotFound::User is exists!::
[2025-02-28T03:30:24.877Z] [error]: HIDE::404::NotFound::User is exists!::
[2025-02-28T03:30:24.951Z] [error]: HIDE::404::NotFound::User is exists!::
[2025-02-28T03:30:25.041Z] [error]: HIDE::404::NotFound::User is exists!::
[2025-02-28T03:30:25.071Z] [error]: HIDE::404::NotFound::User is exists!::
[2025-02-28T03:30:25.154Z] [error]: HIDE::404::NotFound::User is exists!::
[2025-02-28T03:30:25.184Z] [error]: HIDE::404::NotFound::User is exists!::
[2025-02-28T03:30:25.286Z] [error]: HIDE::404::NotFound::User is exists!::
[2025-02-28T03:30:25.388Z] [error]: HIDE::404::NotFound::User is exists!::
[2025-02-28T03:30:25.391Z] [error]: HIDE::404::NotFound::User is exists!::
[2025-02-28T03:30:25.422Z] [error]: HIDE::404::NotFound::User is exists!::
[2025-02-28T03:30:25.466Z] [error]: HIDE::404::NotFound::User is exists!::
[2025-02-28T03:30:25.485Z] [error]: HIDE::404::NotFound::User is exists!::
[2025-02-28T03:30:25.510Z] [error]: HIDE::404::NotFound::User is exists!::
[2025-02-28T03:30:25.555Z] [error]: HIDE::404::NotFound::User is exists!::
[2025-02-28T03:30:25.658Z] [error]: HIDE::404::NotFound::User is exists!::
[2025-02-28T03:30:25.733Z] [error]: HIDE::404::NotFound::User is exists!::
[2025-02-28T03:30:25.763Z] [error]: HIDE::404::NotFound::User is exists!::
[2025-02-28T03:30:25.782Z] [error]: HIDE::404::NotFound::User is exists!::
[2025-02-28T03:30:25.827Z] [error]: HIDE::404::NotFound::User is exists!::
[2025-02-28T03:32:16.736Z] [error]: HIDE::404::NotFound::User is exists!::
[2025-02-28T03:33:12.182Z] [error]: HIDE::404::NotFound::User is exists!::
[2025-02-28T03:36:18.427Z] [error]: HIDE::404::NotFound::User is exists!::
[2025-02-28T03:36:32.640Z] [error]: HIDE::403::Forbidden::Error on save info!::
[2025-02-28T03:36:46.149Z] [error]: HIDE::403::Forbidden::Error on save info!::
[2025-02-28T03:38:39.145Z] [error]: HIDE::403::Forbidden::Error on save info: Error: Not implemented::
[2025-02-28T03:39:08.930Z] [error]: HIDE::403::Forbidden::Error on save info: Error: Not implemented::
[2025-02-28T03:41:29.364Z] [error]: Server closed
[2025-02-28T03:41:29.381Z] [error]: Server closed
[2025-02-28T03:41:29.402Z] [error]: Server closed
[2025-02-28T03:42:01.399Z] [error]: MongoNotConnectedError: Client must be connected before running operations
[2025-02-28T03:42:03.297Z] [error]: Server closed
[2025-02-28T03:42:03.315Z] [error]: Server closed
[2025-02-28T03:42:03.327Z] [error]: Server closed
[2025-02-28T03:43:02.817Z] [error]: MongoNotConnectedError: Client must be connected before running operations
[2025-02-28T03:43:02.841Z] [error]: MongoNotConnectedError: Client must be connected before running operations
[2025-02-28T07:40:47.546Z] [error]: Server closed
