[2025-02-23T17:29:23.214Z] [error]: 500::BSONError::input must be a 24 character hex string, 12 byte Uint8Array, or an integer::
[2025-02-23T17:30:27.583Z] [error]: 500::BSONError::input must be a 24 character hex string, 12 byte Uint8Array, or an integer::
[2025-02-23T17:30:46.318Z] [error]: 500::BSONError::input must be a 24 character hex string, 12 byte Uint8Array, or an integer::
[2025-02-23T17:31:04.450Z] [error]: 403::Forbidden::Generate jwt token failed!::
[2025-02-23T17:32:39.937Z] [error]: 404::NotFound::User is exists!::
[2025-02-23T17:33:07.761Z] [error]: 403::Forbidden::Generate jwt token failed!::
[2025-02-23T17:33:58.818Z] [error]: 404::NotFound::User is exists!::
[2025-02-23T17:34:11.421Z] [error]: 403::Forbidden::Generate jwt token failed!::
[2025-02-23T17:34:55.726Z] [error]: 403::Forbidden::Generate jwt token failed!::
[2025-02-23T17:36:28.526Z] [error]: 404::NotFound::User is exists!::
[2025-02-23T17:36:36.370Z] [error]: 403::Forbidden::Generate jwt token failed!::
[2025-02-23T17:42:11.155Z] [error]: 404::NotFound::User is exists!::
[2025-02-23T17:45:49.360Z] [error]: 403::Forbidden::Generate jwt token failed!::
[2025-02-23T17:56:06.033Z] [error]: 404::NotFound::User is exists!::
[2025-02-23T17:57:15.842Z] [error]: 403::Forbidden::Save key token failed!::
[2025-02-23T17:57:45.650Z] [error]: 403::Forbidden::Save key token failed!::
[2025-02-23T17:59:47.814Z] [error]: 500::CastError::Cast to ObjectId failed for value "SchemaObjectId {
  path: '67bb621153a920889453c1f8',
  instance: 'ObjectId',
  validators: [],
  getters: [],
  setters: [],
  _presplitPath: [ '67bb621153a920889453c1f8' ],
  options: SchemaObjectIdOptions {},
  _index: null,
  [Symbol(mongoose#schemaType)]: true
}" (type SchemaObjectId) at path "_id" for model "User"::
[2025-02-23T18:00:57.051Z] [error]: 500::Error::Can't use $oid::
[2025-02-23T18:04:20.164Z] [error]: 404::NotFound::User is exists!::
[2025-02-23T18:04:31.394Z] [error]: 403::Forbidden::Save key token failed!::
[2025-02-24T07:34:30.612Z] [error]: HIDE::400::ErrorResponse::Invalid request body!::
[2025-02-24T07:35:07.315Z] [error]: HIDE::400::ErrorResponse::Invalid request body!::
[2025-02-24T07:35:13.528Z] [error]: VISIBLE::403::Forbidden::Phone number or password is incorrect!::
[2025-02-24T07:36:22.030Z] [error]: HIDE::403::Forbidden::Phone number or password is incorrect!::
[2025-02-24T07:36:24.040Z] [error]: HIDE::403::Forbidden::Phone number or password is incorrect!::
[2025-02-24T07:36:28.332Z] [error]: HIDE::403::Forbidden::Phone number or password is incorrect!::
[2025-02-24T07:36:33.813Z] [error]: HIDE::403::Forbidden::Phone number or password is incorrect!::
(019536e4-4b37-708f-952c-c778415c7ddc) [2025-02-24T07:38:06.029Z] [error]: HIDE::500::MongooseError::Operation `users.findOne()` buffering timed out after 10000ms::
[2025-02-24T07:38:19.353Z] [error]: MongoServerSelectionError: connect ECONNREFUSED 127.0.0.1:27017
(019536e5-3bcf-754e-b9ad-57fc06104203) [2025-02-24T07:39:07.612Z] [error]: HIDE::403::Forbidden::Phone number or password is incorrect!::
(019536e6-7a95-70dc-aace-bfb088df0492) [2025-02-24T07:40:29.218Z] [error]: VISIBLE::403::Forbidden::Phone number or password is incorrect!::
(019536e6-96da-771e-b5ec-3fb8085da01a) [2025-02-24T07:40:36.443Z] [error]: VISIBLE::403::Forbidden::Phone number or password is incorrect!::
(019536e6-b508-7318-acac-e932aed9ecc0) [2025-02-24T07:40:44.182Z] [error]: HIDE::403::Forbidden::Phone number or password is incorrect!::
(019536e6-e08f-7097-82ad-a03a8660e2ff) [2025-02-24T07:40:55.325Z] [error]: HIDE::403::Forbidden::Phone number or password is incorrect!::
[2025-02-24T07:41:07.347Z] [error]: HIDE::403::Forbidden::Phone number or password is incorrect!::
[2025-02-24T07:41:15.067Z] [error]: VISIBLE::403::Forbidden::Phone number or password is incorrect!::
[2025-02-24T07:45:18.335Z] [error]: VISIBLE::403::Forbidden::Phone number or password is incorrect!::
[2025-02-24T07:45:47.129Z] [error]: HIDE::500::Error::data and hash arguments required::
[2025-02-24T07:46:11.318Z] [error]: HIDE::500::Error::data and hash arguments required::
[2025-02-24T07:47:28.425Z] [error]: HIDE::500::Error::data and hash arguments required::
[2025-02-24T07:51:38.677Z] [error]: VISIBLE::403::Forbidden::Phone number or password is incorrect!::
[2025-02-24T07:51:42.973Z] [error]: VISIBLE::403::Forbidden::Phone number or password is incorrect!::
[2025-02-24T07:52:07.609Z] [error]: VISIBLE::403::Forbidden::Phone number or password is incorrect!::
[2025-02-24T07:52:08.803Z] [error]: VISIBLE::403::Forbidden::Phone number or password is incorrect!::
[2025-02-24T07:52:09.376Z] [error]: VISIBLE::403::Forbidden::Phone number or password is incorrect!::
[2025-02-24T07:52:10.324Z] [error]: VISIBLE::403::Forbidden::Phone number or password is incorrect!::
[2025-02-24T07:52:11.401Z] [error]: VISIBLE::403::Forbidden::Phone number or password is incorrect!::
[2025-02-24T07:52:12.453Z] [error]: VISIBLE::403::Forbidden::Phone number or password is incorrect!::
[2025-02-24T07:52:13.840Z] [error]: VISIBLE::403::Forbidden::Phone number or password is incorrect!::
[2025-02-24T07:52:56.310Z] [error]: VISIBLE::403::Forbidden::Phone number or password is incorrect!::
[2025-02-24T07:52:59.552Z] [error]: VISIBLE::403::Forbidden::Phone number or password is incorrect!::
[2025-02-24T08:10:49.229Z] [error]: HIDE::500::ObjectParameterError::Parameter "obj" to Document() must be an object, got "eyJhbGciOiJSUzUxMiIsInR5cCI6IkpXVCJ9.eyJ1c2VySWQiOiI2N2JjMjM5OTAxNjNlMzE2YmJlM2NiZGMiLCJyb2xlIjoiNjdiYzIzOTkwMTYzZTMxNmJiZTNjYmRiIiwiaWF0IjoxNzQwMzg0NjQ5LCJleHAiOjE3NDA0NzEwNDl9.OpDuG3NiWrxAABoG4ghhSG0AVrx42Ih5LT9YRvkfrodmVvseHeFNSycL1ucJb3R7xcaM73B8cOd6tbX6xef3MMWGlEK-D2TZQ1XIqr_6vdKp_bIBR2DvDOF3vo1nQSkCL5bRn271i3IPd6k6hTIsFT1WOc5G8saAnOByiqb4n119Yhin43KJaXJw5Ead5kwB9dQVHdN36iZvrq7gTiduJfodZ4GZjKOBVmYstoFTWEASR54M8e7hAoYW1Cn_U1JEsxYy-8QzeXVy9FzWgtHMSJKbm6NjbNIsteZ9cZAqB5VHqL8s0_-7ct7pKzun264a5ltug8k66jlIf48BmvUVdPxS_Zg3onpPQNpWC_k-INw3ZkNBuTtHPqP62peC3r32ppb86a3Rd63gWb270aqf1EZe0AiTRpIyC-RrQrNzygsfj7ozuV1odBbit7URBi4Dagn9gxNIkVjtF9Dnl49V5yknfWo803Jxhl9bRRnJC0P7l1b_GjHqKqtT-tDg6UFTChOFO8HCj_NK-A4zjNMK8jfP47ro_BIj9FyjJyF3UReHPP6FMI2YnRGD15SEQyZjdmedMOX8r7O35IukVMj4sWl0LbGHNojuDIgJxZKKuNrdoiJum9cAPhz0zHCeEZDPLqqj65IiHNoeu4WsL9L0psOTo9crZwwUNmtpewpmM70" (type string)::
[2025-02-24T14:35:46.030Z] [error]: VISIBLE::403::Forbidden::Phone number or password is incorrect!::
[2025-02-24T14:35:55.493Z] [error]: VISIBLE::403::Forbidden::Phone number or password is incorrect!::
[2025-02-24T14:35:57.890Z] [error]: VISIBLE::403::Forbidden::Phone number or password is incorrect!::
[2025-02-24T14:36:00.173Z] [error]: VISIBLE::403::Forbidden::Phone number or password is incorrect!::
[2025-02-24T14:36:02.816Z] [error]: VISIBLE::403::Forbidden::Phone number or password is incorrect!::
[2025-02-24T14:36:52.259Z] [error]: HIDE::403::Forbidden::Generate jwt token failed!::
[2025-02-24T14:37:31.684Z] [error]: HIDE::404::NotFound::User is exists!::
[2025-02-24T14:38:09.773Z] [error]: HIDE::403::Forbidden::Generate jwt token failed!::
[2025-02-24T14:39:08.138Z] [error]: HIDE::403::Forbidden::Generate jwt token failed!::
[2025-02-24T14:39:47.695Z] [error]: HIDE::403::Forbidden::Generate jwt token failed!::
[2025-02-24T14:41:30.081Z] [error]: VISIBLE::403::Forbidden::Permission denied!::
[2025-02-24T14:59:40.968Z] [error]: HIDE::403::Forbidden::Invalid token!::
[2025-02-24T15:01:01.297Z] [error]: HIDE::403::Forbidden::Token is banned!::
[2025-02-24T15:02:39.390Z] [error]: HIDE::403::Forbidden::Token is banned!::
[2025-02-24T15:03:06.958Z] [error]: HIDE::403::Forbidden::Token is banned!::
[2025-02-24T15:03:10.503Z] [error]: Server closed
[2025-02-24T15:03:10.518Z] [error]: Server closed
[2025-02-24T15:03:10.533Z] [error]: Server closed
[2025-02-24T15:03:18.269Z] [error]: HIDE::403::Forbidden::Token is banned!::
[2025-02-24T15:19:04.784Z] [error]: TokenExpiredError: jwt expired
[2025-02-24T15:19:04.787Z] [error]: HIDE::403::Forbidden::Can not verify token!::
[2025-02-24T15:20:21.711Z] [error]: HIDE::403::Forbidden::Can not verify token!::
[2025-02-24T15:20:40.275Z] [error]: HIDE::403::Forbidden::Can not verify token!::
[2025-02-24T15:21:08.053Z] [error]: Server closed
[2025-02-24T15:21:08.071Z] [error]: Server closed
[2025-02-24T15:21:08.071Z] [error]: Server closed
[2025-02-24T15:56:00.093Z] [error]: TypeError: Cannot read properties of undefined (reading 'filter')
[2025-02-24T15:57:00.128Z] [error]: TypeError: Cannot read properties of undefined (reading 'filter')
[2025-02-24T15:58:00.152Z] [error]: TypeError: Cannot read properties of undefined (reading 'filter')
[2025-02-24T15:58:45.760Z] [error]: HIDE::403::Forbidden::Can not verify token!::
[2025-02-24T15:58:52.920Z] [error]: HIDE::500::CastError::Cast to [string] failed for value "[\n' +
  '  {\n' +
  "    token: 'eyJhbGciOiJSUzUxMiIsInR5cCI6IkpXVCJ9.eyJ1c2VySWQiOiI2N2JjODRkOWU4ZjhlMzRhODhiOWYwYWYiLCJyb2xlIjoiNjdiYzg0ZDllOGY4ZTM0YTg4YjlmMGFlIiwiaWF0IjoxNzQwNDEyNzMyLCJleHAiOjE3NDA0OTkxMzJ9.RInt7EoVJNr-T_izDP4lNlgwoZrC49pXwsw1_ypV3ZPnflmuLNedQ5KAdl539jUfByrbZUlVdQvVFAWepAdybGrAR1eqnDflP5W0LmvIFMEj40jg0gfo9S5kcJS4S2kH7UKfqWYDrY1c3I7Uxie9JE3acZN7I6qFz-_9tcQ4TWfzDoRUgeQG3NLMnpCr4Q-cUHDQCtJzhaU8i_3yG9k4p2ymbKTf7by3J0tTJay4o94QsJb9wMQ6hpBHg6QShI-RLRWMnrRIquWix6P89hfaOcqO72HkjfxEAFfUZgPbs0r9A3z9yCG2PnTOSw6KjHwdcbb-ylfAVRG_bEWDi9F14WInCjqpDh49Tqjj3HkRySGH_QU0lKwQQ90Js9_xgl7OFPQ43oinzlZ_K6scTfw_nHsyHunG6fdDKW5BqnukkIMJkBbm7IPX9sYKJrfxu8RyjNfQzkQeuHiAnkN7PPPY3t6ZMJw-ONh5McVRw-cSbAVf2DvYGZSzuNUoQ0BIjbtxKKdiAs3Cs5gH2_3aOlrfON32gB2ccUQfdwXqAypQ35Ob9E4XvPgzR-btcmnJL-weIrvCe69eZeUQl3YrovsZReBkhm-BIzQDIwUOnh_HDxwvCScW04gXTqfr6eDiar3U4USXkpid6QB6oKNX8Adri0v3xKk95LnTolBb0RYyZ7E'\n" +
  '  }\n' +
  ']" (type string) at path "refresh_tokens.0" because of "CastError"::
[2025-02-24T15:59:00.102Z] [error]: TypeError: Cannot read properties of undefined (reading 'filter')
[2025-02-24T16:00:00.103Z] [error]: TypeError: Cannot read properties of undefined (reading 'filter')
[2025-02-24T16:15:23.201Z] [error]: HIDE::403::Forbidden::Token is removed!::
[2025-02-24T16:15:24.707Z] [error]: HIDE::403::Forbidden::Token is removed!::
[2025-02-24T16:15:25.560Z] [error]: HIDE::403::Forbidden::Token is removed!::
[2025-02-24T16:15:46.919Z] [error]: HIDE::403::Forbidden::Token is removed!::
