[2025-03-03T09:23:26.163Z] [error]: HIDE::403::Forbidden::Invalid token!::
[2025-03-03T09:23:39.816Z] [error]: HIDE::400::BadRequest::Save product failed::
[2025-03-03T09:24:54.250Z] [error]: HIDE::400::BadRequest::Save product failed::
[2025-03-03T09:26:52.313Z] [error]: HIDE::400::BadRequest::Save product failed::
[2025-03-03T09:27:08.210Z] [error]: HIDE::404::NotFound::Not found product service::
[2025-03-03T09:27:47.089Z] [error]: HIDE::400::BadRequest::Save product failed::
[2025-03-03T09:27:51.409Z] [error]: HIDE::500::SyntaxError::Unexpected token '}', "
    }
}
" is not valid JSON::
[2025-03-03T09:27:55.720Z] [error]: HIDE::404::NotFound::Not found product service::
[2025-03-03T09:27:58.638Z] [error]: HIDE::404::NotFound::Not found product service::
[2025-03-03T09:28:07.511Z] [error]: HIDE::400::BadRequest::Save product failed::
[2025-03-03T15:49:06.305Z] [error]: HIDE::403::Forbidden::Token is expired or invalid!::
[2025-03-03T15:49:19.073Z] [error]: HIDE::400::BadRequest::Save product failed::
[2025-03-03T15:49:44.009Z] [error]: HIDE::400::BadRequest::Save product failed::
[2025-03-03T15:51:23.359Z] [error]: HIDE::400::ErrorResponse::Invalid request body!::
[2025-03-03T15:52:28.138Z] [error]: Server closed
[2025-03-03T15:52:28.162Z] [error]: Server closed
[2025-03-03T15:52:28.167Z] [error]: Server closed
[2025-03-03T15:53:03.077Z] [error]: MongoNotConnectedError: Client must be connected before running operations
[2025-03-03T15:54:01.572Z] [error]: MongoNotConnectedError: Client must be connected before running operations
[2025-03-03T15:55:02.646Z] [error]: MongoNotConnectedError: Client must be connected before running operations
[2025-03-03T15:56:01.911Z] [error]: MongoNotConnectedError: Client must be connected before running operations
[2025-03-03T15:57:02.054Z] [error]: MongoNotConnectedError: Client must be connected before running operations
[2025-03-03T15:58:01.090Z] [error]: MongoNotConnectedError: Client must be connected before running operations
[2025-03-03T15:59:02.167Z] [error]: MongoNotConnectedError: Client must be connected before running operations
[2025-03-03T15:59:32.333Z] [error]: HIDE::400::ErrorResponse::Invalid request body!::
[2025-03-03T15:59:40.532Z] [error]: Server closed
[2025-03-03T15:59:40.566Z] [error]: Server closed
[2025-03-03T15:59:40.567Z] [error]: Server closed
[2025-03-03T16:00:02.303Z] [error]: MongoNotConnectedError: Client must be connected before running operations
[2025-03-03T16:00:02.356Z] [error]: MongoNotConnectedError: Client must be connected before running operations
[2025-03-03T16:00:59.910Z] [error]: HIDE::400::ErrorResponse::Invalid request body!::
[2025-03-03T16:02:44.841Z] [error]: Server closed
[2025-03-03T16:02:44.868Z] [error]: Server closed
[2025-03-03T16:02:44.868Z] [error]: Server closed
[2025-03-03T16:03:01.095Z] [error]: MongoNotConnectedError: Client must be connected before running operations
[2025-03-03T16:04:02.481Z] [error]: MongoNotConnectedError: Client must be connected before running operations
[2025-03-03T17:37:03.256Z] [error]: Error: read ECONNRESET
[2025-03-03T17:56:39.941Z] [error]: HIDE::403::Forbidden::Token is expired or invalid!::
[2025-03-03T17:57:09.034Z] [error]: HIDE::403::Forbidden::Token is expired or invalid!::
[2025-03-03T17:57:15.052Z] [error]: HIDE::400::ErrorResponse::Invalid request body!::
[2025-03-03T18:04:08.604Z] [error]: HIDE::400::ErrorResponse::Invalid request body!::
[2025-03-03T18:09:35.371Z] [error]: HIDE::400::BadRequest::Save product failed::
[2025-03-03T18:15:17.939Z] [error]: HIDE::403::Forbidden::Token is expired or invalid!::
[2025-03-03T18:15:23.289Z] [error]: HIDE::400::BadRequest::Save product failed::
[2025-03-03T18:16:12.695Z] [error]: HIDE::400::BadRequest::Save product failed::
[2025-03-03T18:16:36.316Z] [error]: HIDE::400::BadRequest::Save product failed::
[2025-03-03T18:19:07.654Z] [error]: Server closed
[2025-03-03T18:19:07.684Z] [error]: Server closed
[2025-03-03T18:19:07.704Z] [error]: Server closed
