[2025-03-06T04:09:00.100Z] [info]: Cleanup key token: 0 key token cleaned
[2025-03-06T04:09:00.100Z] [info]: Cleanup key token: 0 refresh token used cleaned
[2025-03-06T04:09:00.142Z] [info]: Cleanup product: Cleaned 0 products
[2025-03-06T04:10:02.268Z] [info]: Cleanup key token: 0 key token cleaned
[2025-03-06T04:10:02.269Z] [info]: Cleanup key token: 0 refresh token used cleaned
[2025-03-06T04:10:02.487Z] [info]: Cleanup product: Cleaned 0 products
[2025-03-06T04:11:03.712Z] [info]: Cleanup key token: 0 key token cleaned
[2025-03-06T04:11:03.713Z] [info]: Cleanup key token: 0 refresh token used cleaned
[2025-03-06T04:11:03.743Z] [info]: Cleanup product: Cleaned 0 products
[2025-03-06T04:12:04.194Z] [info]: Cleanup key token: 0 key token cleaned
[2025-03-06T04:12:04.195Z] [info]: Cleanup key token: 0 refresh token used cleaned
[2025-03-06T04:12:04.234Z] [info]: Cleanup product: Cleaned 0 products
[2025-03-06T04:13:02.155Z] [info]: Cleanup key token: 0 key token cleaned
[2025-03-06T04:13:02.156Z] [info]: Cleanup key token: 0 refresh token used cleaned
[2025-03-06T04:13:02.196Z] [info]: Cleanup product: Cleaned 0 products
[2025-03-06T04:14:00.087Z] [info]: Cleanup key token: 0 key token cleaned
[2025-03-06T04:14:00.088Z] [info]: Cleanup key token: 0 refresh token used cleaned
[2025-03-06T04:14:00.135Z] [info]: Cleanup product: Cleaned 0 products
[2025-03-06T04:15:02.195Z] [info]: Cleanup key token: 0 key token cleaned
[2025-03-06T04:15:02.196Z] [info]: Cleanup key token: 0 refresh token used cleaned
[2025-03-06T04:15:02.240Z] [info]: Cleanup product: Cleaned 0 products
[2025-03-06T04:16:02.187Z] [info]: Cleanup key token: 0 key token cleaned
[2025-03-06T04:16:02.189Z] [info]: Cleanup key token: 0 refresh token used cleaned
[2025-03-06T04:16:02.234Z] [info]: Cleanup product: Cleaned 0 products
[2025-03-06T04:17:04.217Z] [info]: Cleanup key token: 0 key token cleaned
[2025-03-06T04:17:04.217Z] [info]: Cleanup key token: 0 refresh token used cleaned
[2025-03-06T04:17:04.257Z] [info]: Cleanup product: Cleaned 0 products
[2025-03-06T04:18:04.306Z] [info]: Cleanup key token: 0 key token cleaned
[2025-03-06T04:18:04.307Z] [info]: Cleanup key token: 0 refresh token used cleaned
[2025-03-06T04:18:04.346Z] [info]: Cleanup product: Cleaned 0 products
[2025-03-06T04:41:00.106Z] [info]: Cleanup key token: 0 key token cleaned
[2025-03-06T04:41:00.106Z] [info]: Cleanup key token: 0 refresh token used cleaned
[2025-03-06T04:41:00.108Z] [info]: Cleanup product: Cleaned 0 products
[2025-03-06T04:42:00.103Z] [info]: Cleanup key token: 0 key token cleaned
[2025-03-06T04:42:00.103Z] [info]: Cleanup key token: 0 refresh token used cleaned
[2025-03-06T04:42:00.117Z] [info]: Cleanup product: Cleaned 0 products
[2025-03-06T04:43:00.080Z] [info]: Cleanup key token: 0 key token cleaned
[2025-03-06T04:43:00.081Z] [info]: Cleanup key token: 0 refresh token used cleaned
[2025-03-06T04:43:00.131Z] [info]: Cleanup product: Cleaned 0 products
[2025-03-06T04:44:01.605Z] [info]: Cleanup key token: 0 key token cleaned
[2025-03-06T04:44:01.606Z] [info]: Cleanup key token: 0 refresh token used cleaned
[2025-03-06T04:44:01.616Z] [info]: Cleanup product: Cleaned 0 products
[2025-03-06T04:45:00.113Z] [info]: Cleanup key token: 0 key token cleaned
[2025-03-06T04:45:00.114Z] [info]: Cleanup key token: 0 refresh token used cleaned
[2025-03-06T04:45:00.116Z] [info]: Cleanup product: Cleaned 0 products
[2025-03-06T04:47:00.091Z] [info]: Cleanup key token: 0 key token cleaned
[2025-03-06T04:47:00.092Z] [info]: Cleanup key token: 0 refresh token used cleaned
[2025-03-06T04:47:00.133Z] [info]: Cleanup product: Cleaned 0 products
[2025-03-06T04:48:03.206Z] [info]: Cleanup key token: 0 key token cleaned
[2025-03-06T04:48:03.206Z] [info]: Cleanup key token: 0 refresh token used cleaned
[2025-03-06T04:48:03.229Z] [info]: Cleanup product: Cleaned 0 products
[2025-03-06T04:49:00.093Z] [info]: Cleanup key token: 0 key token cleaned
[2025-03-06T04:49:00.093Z] [info]: Cleanup key token: 0 refresh token used cleaned
[2025-03-06T04:49:00.101Z] [info]: Cleanup product: Cleaned 0 products
[2025-03-06T04:50:01.616Z] [info]: Cleanup key token: 0 key token cleaned
[2025-03-06T04:50:01.617Z] [info]: Cleanup key token: 0 refresh token used cleaned
[2025-03-06T04:50:01.629Z] [info]: Cleanup product: Cleaned 0 products
[2025-03-06T04:51:00.097Z] [info]: Cleanup key token: 0 key token cleaned
[2025-03-06T04:51:00.097Z] [info]: Cleanup key token: 0 refresh token used cleaned
[2025-03-06T04:51:00.111Z] [info]: Cleanup product: Cleaned 0 products
[2025-03-06T04:52:00.107Z] [info]: Cleanup key token: 0 key token cleaned
[2025-03-06T04:52:00.108Z] [info]: Cleanup key token: 0 refresh token used cleaned
[2025-03-06T04:52:00.123Z] [info]: Cleanup product: Cleaned 0 products
[2025-03-06T04:54:02.108Z] [info]: Cleanup key token: 0 key token cleaned
[2025-03-06T04:54:02.109Z] [info]: Cleanup key token: 0 refresh token used cleaned
[2025-03-06T04:54:02.122Z] [info]: Cleanup product: Cleaned 0 products
[2025-03-06T04:55:02.651Z] [info]: Cleanup key token: 0 key token cleaned
[2025-03-06T04:55:02.652Z] [info]: Cleanup key token: 0 refresh token used cleaned
[2025-03-06T04:55:02.670Z] [info]: Cleanup product: Cleaned 0 products
[2025-03-06T04:56:05.033Z] [info]: Cleanup key token: 0 key token cleaned
[2025-03-06T04:56:05.034Z] [info]: Cleanup key token: 0 refresh token used cleaned
[2025-03-06T04:56:05.069Z] [info]: Cleanup product: Cleaned 0 products
[2025-03-06T04:57:05.153Z] [info]: Cleanup product: Cleaned 0 products
[2025-03-06T04:57:05.156Z] [info]: Cleanup key token: 0 key token cleaned
[2025-03-06T04:57:05.156Z] [info]: Cleanup key token: 0 refresh token used cleaned
[2025-03-06T04:58:05.194Z] [info]: Cleanup key token: 0 key token cleaned
[2025-03-06T04:58:05.194Z] [info]: Cleanup key token: 0 refresh token used cleaned
[2025-03-06T04:58:05.216Z] [info]: Cleanup product: Cleaned 0 products
[2025-03-06T04:59:00.094Z] [info]: Cleanup key token: 0 key token cleaned
[2025-03-06T04:59:00.095Z] [info]: Cleanup key token: 0 refresh token used cleaned
[2025-03-06T04:59:00.108Z] [info]: Cleanup product: Cleaned 0 products
[2025-03-06T05:02:02.725Z] [info]: Cleanup key token: 0 key token cleaned
[2025-03-06T05:02:02.725Z] [info]: Cleanup key token: 0 refresh token used cleaned
[2025-03-06T05:02:02.740Z] [info]: Cleanup product: Cleaned 0 products
[2025-03-06T05:03:02.251Z] [info]: Cleanup key token: 0 key token cleaned
[2025-03-06T05:03:02.252Z] [info]: Cleanup key token: 0 refresh token used cleaned
[2025-03-06T05:03:02.292Z] [info]: Cleanup product: Cleaned 0 products
[2025-03-06T05:04:00.215Z] [info]: Cleanup key token: 0 key token cleaned
[2025-03-06T05:04:00.216Z] [info]: Cleanup key token: 0 refresh token used cleaned
[2025-03-06T05:04:00.507Z] [info]: Cleanup product: Cleaned 0 products
[2025-03-06T05:05:02.351Z] [info]: Cleanup key token: 0 key token cleaned
[2025-03-06T05:05:02.351Z] [info]: Cleanup key token: 0 refresh token used cleaned
[2025-03-06T05:05:02.388Z] [info]: Cleanup product: Cleaned 0 products
[2025-03-06T05:06:02.373Z] [info]: Cleanup key token: 0 key token cleaned
[2025-03-06T05:06:02.374Z] [info]: Cleanup key token: 0 refresh token used cleaned
[2025-03-06T05:06:02.392Z] [info]: Cleanup product: Cleaned 0 products
[2025-03-06T05:07:04.646Z] [info]: Cleanup key token: 0 key token cleaned
[2025-03-06T05:07:04.646Z] [info]: Cleanup key token: 0 refresh token used cleaned
[2025-03-06T05:07:04.681Z] [info]: Cleanup product: Cleaned 0 products
[2025-03-06T05:08:02.415Z] [info]: Cleanup key token: 0 key token cleaned
[2025-03-06T05:08:02.415Z] [info]: Cleanup key token: 0 refresh token used cleaned
[2025-03-06T05:08:02.422Z] [info]: Cleanup product: Cleaned 0 products
[2025-03-06T05:09:04.251Z] [info]: Cleanup key token: 0 key token cleaned
[2025-03-06T05:09:04.252Z] [info]: Cleanup key token: 0 refresh token used cleaned
[2025-03-06T05:09:04.290Z] [info]: Cleanup product: Cleaned 0 products
[2025-03-06T05:10:00.801Z] [info]: Cleanup key token: 0 key token cleaned
[2025-03-06T05:10:00.801Z] [info]: Cleanup key token: 0 refresh token used cleaned
[2025-03-06T05:10:00.837Z] [info]: Cleanup product: Cleaned 0 products
[2025-03-06T05:11:01.150Z] [info]: Cleanup key token: 0 key token cleaned
[2025-03-06T05:11:01.150Z] [info]: Cleanup key token: 0 refresh token used cleaned
[2025-03-06T05:11:01.179Z] [info]: Cleanup product: Cleaned 0 products
[2025-03-06T05:12:00.626Z] [info]: Cleanup key token: 0 key token cleaned
[2025-03-06T05:12:00.626Z] [info]: Cleanup key token: 0 refresh token used cleaned
[2025-03-06T05:12:00.650Z] [info]: Cleanup product: Cleaned 0 products
[2025-03-06T05:14:00.129Z] [info]: Cleanup key token: 0 key token cleaned
[2025-03-06T05:14:00.130Z] [info]: Cleanup key token: 0 refresh token used cleaned
[2025-03-06T05:14:00.136Z] [info]: Cleanup product: Cleaned 0 products
[2025-03-06T05:15:00.090Z] [info]: Cleanup key token: 0 key token cleaned
[2025-03-06T05:15:00.091Z] [info]: Cleanup key token: 0 refresh token used cleaned
[2025-03-06T05:15:00.114Z] [info]: Cleanup product: Cleaned 0 products
[2025-03-06T05:16:00.106Z] [info]: Cleanup key token: 0 key token cleaned
[2025-03-06T05:16:00.107Z] [info]: Cleanup key token: 0 refresh token used cleaned
[2025-03-06T05:16:00.147Z] [info]: Cleanup product: Cleaned 0 products
[2025-03-06T05:17:00.113Z] [info]: Cleanup key token: 0 key token cleaned
[2025-03-06T05:17:00.114Z] [info]: Cleanup key token: 0 refresh token used cleaned
[2025-03-06T05:17:00.152Z] [info]: Cleanup product: Cleaned 0 products
[2025-03-06T05:18:00.106Z] [info]: Cleanup key token: 0 key token cleaned
[2025-03-06T05:18:00.107Z] [info]: Cleanup key token: 0 refresh token used cleaned
[2025-03-06T05:18:00.116Z] [info]: Cleanup product: Cleaned 0 products
[2025-03-06T05:19:00.136Z] [info]: Cleanup key token: 0 key token cleaned
[2025-03-06T05:19:00.137Z] [info]: Cleanup key token: 0 refresh token used cleaned
[2025-03-06T05:19:00.149Z] [info]: Cleanup product: Cleaned 0 products
[2025-03-06T05:20:00.829Z] [info]: Cleanup key token: 0 key token cleaned
[2025-03-06T05:20:00.829Z] [info]: Cleanup key token: 0 refresh token used cleaned
[2025-03-06T05:20:01.136Z] [info]: Cleanup product: Cleaned 0 products
[2025-03-06T05:21:00.086Z] [info]: Cleanup key token: 0 key token cleaned
[2025-03-06T05:21:00.087Z] [info]: Cleanup key token: 0 refresh token used cleaned
[2025-03-06T05:21:00.113Z] [info]: Cleanup product: Cleaned 0 products
[2025-03-06T05:22:00.117Z] [info]: Cleanup key token: 0 key token cleaned
[2025-03-06T05:22:00.118Z] [info]: Cleanup key token: 0 refresh token used cleaned
[2025-03-06T05:22:00.134Z] [info]: Cleanup product: Cleaned 0 products
[2025-03-06T05:23:00.102Z] [info]: Cleanup key token: 0 key token cleaned
[2025-03-06T05:23:00.103Z] [info]: Cleanup key token: 0 refresh token used cleaned
[2025-03-06T05:23:00.122Z] [info]: Cleanup product: Cleaned 0 products
[2025-03-06T05:24:00.080Z] [info]: Cleanup key token: 0 key token cleaned
[2025-03-06T05:24:00.080Z] [info]: Cleanup key token: 0 refresh token used cleaned
[2025-03-06T05:24:00.130Z] [info]: Cleanup product: Cleaned 0 products
[2025-03-06T05:25:00.128Z] [info]: Cleanup key token: 0 key token cleaned
[2025-03-06T05:25:00.130Z] [info]: Cleanup key token: 0 refresh token used cleaned
[2025-03-06T05:25:00.146Z] [info]: Cleanup product: Cleaned 0 products
[2025-03-06T05:26:00.099Z] [info]: Cleanup key token: 0 key token cleaned
[2025-03-06T05:26:00.100Z] [info]: Cleanup key token: 0 refresh token used cleaned
[2025-03-06T05:26:00.167Z] [info]: Cleanup product: Cleaned 0 products
[2025-03-06T05:27:00.144Z] [info]: Cleanup key token: 0 key token cleaned
[2025-03-06T05:27:00.145Z] [info]: Cleanup key token: 0 refresh token used cleaned
[2025-03-06T05:27:00.184Z] [info]: Cleanup product: Cleaned 0 products
[2025-03-06T05:28:00.142Z] [info]: Cleanup key token: 0 key token cleaned
[2025-03-06T05:28:00.143Z] [info]: Cleanup key token: 0 refresh token used cleaned
[2025-03-06T05:28:00.198Z] [info]: Cleanup product: Cleaned 0 products
[2025-03-06T05:29:00.090Z] [info]: Cleanup key token: 0 key token cleaned
[2025-03-06T05:29:00.091Z] [info]: Cleanup key token: 0 refresh token used cleaned
[2025-03-06T05:29:00.127Z] [info]: Cleanup product: Cleaned 0 products
[2025-03-06T05:31:00.139Z] [info]: Cleanup key token: 0 key token cleaned
[2025-03-06T05:31:00.140Z] [info]: Cleanup key token: 0 refresh token used cleaned
[2025-03-06T05:31:00.186Z] [info]: Cleanup product: Cleaned 0 products
[2025-03-06T05:32:00.144Z] [info]: Cleanup key token: 0 key token cleaned
[2025-03-06T05:32:00.145Z] [info]: Cleanup key token: 0 refresh token used cleaned
[2025-03-06T05:32:00.155Z] [info]: Cleanup product: Cleaned 0 products
[2025-03-06T05:33:00.127Z] [info]: Cleanup key token: 0 key token cleaned
[2025-03-06T05:33:00.128Z] [info]: Cleanup key token: 0 refresh token used cleaned
[2025-03-06T05:33:00.165Z] [info]: Cleanup product: Cleaned 0 products
[2025-03-06T05:34:00.127Z] [info]: Cleanup key token: 0 key token cleaned
[2025-03-06T05:34:00.128Z] [info]: Cleanup key token: 0 refresh token used cleaned
[2025-03-06T05:34:00.158Z] [info]: Cleanup product: Cleaned 0 products
[2025-03-06T05:35:00.117Z] [info]: Cleanup key token: 0 key token cleaned
[2025-03-06T05:35:00.118Z] [info]: Cleanup key token: 0 refresh token used cleaned
[2025-03-06T05:35:00.137Z] [info]: Cleanup product: Cleaned 0 products
[2025-03-06T05:36:00.120Z] [info]: Cleanup key token: 0 key token cleaned
[2025-03-06T05:36:00.121Z] [info]: Cleanup key token: 0 refresh token used cleaned
[2025-03-06T05:36:00.123Z] [info]: Cleanup product: Cleaned 0 products
[2025-03-06T05:37:00.097Z] [info]: Cleanup key token: 0 key token cleaned
[2025-03-06T05:37:00.098Z] [info]: Cleanup key token: 0 refresh token used cleaned
[2025-03-06T05:37:00.139Z] [info]: Cleanup product: Cleaned 0 products
[2025-03-06T05:38:00.119Z] [info]: Cleanup key token: 0 key token cleaned
[2025-03-06T05:38:00.120Z] [info]: Cleanup key token: 0 refresh token used cleaned
[2025-03-06T05:38:00.135Z] [info]: Cleanup product: Cleaned 0 products
[2025-03-06T05:39:00.110Z] [info]: Cleanup key token: 0 key token cleaned
[2025-03-06T05:39:00.110Z] [info]: Cleanup key token: 0 refresh token used cleaned
[2025-03-06T05:39:00.115Z] [info]: Cleanup product: Cleaned 0 products
[2025-03-06T05:40:00.116Z] [info]: Cleanup key token: 0 key token cleaned
[2025-03-06T05:40:00.116Z] [info]: Cleanup key token: 0 refresh token used cleaned
[2025-03-06T05:40:00.127Z] [info]: Cleanup product: Cleaned 0 products
[2025-03-06T05:41:00.100Z] [info]: Cleanup key token: 0 key token cleaned
[2025-03-06T05:41:00.101Z] [info]: Cleanup key token: 0 refresh token used cleaned
[2025-03-06T05:41:00.118Z] [info]: Cleanup product: Cleaned 0 products
[2025-03-06T05:42:00.134Z] [info]: Cleanup key token: 0 key token cleaned
[2025-03-06T05:42:00.135Z] [info]: Cleanup key token: 0 refresh token used cleaned
[2025-03-06T05:42:00.193Z] [info]: Cleanup product: Cleaned 0 products
[2025-03-06T05:43:00.076Z] [info]: Cleanup key token: 0 key token cleaned
[2025-03-06T05:43:00.077Z] [info]: Cleanup key token: 0 refresh token used cleaned
[2025-03-06T05:43:00.133Z] [info]: Cleanup product: Cleaned 0 products
[2025-03-06T05:44:00.083Z] [info]: Cleanup key token: 0 key token cleaned
[2025-03-06T05:44:00.084Z] [info]: Cleanup key token: 0 refresh token used cleaned
[2025-03-06T05:44:00.128Z] [info]: Cleanup product: Cleaned 0 products
[2025-03-06T05:45:00.115Z] [info]: Cleanup key token: 0 key token cleaned
[2025-03-06T05:45:00.116Z] [info]: Cleanup key token: 0 refresh token used cleaned
[2025-03-06T05:45:00.153Z] [info]: Cleanup product: Cleaned 0 products
[2025-03-06T05:47:00.098Z] [info]: Cleanup key token: 0 key token cleaned
[2025-03-06T05:47:00.098Z] [info]: Cleanup key token: 0 refresh token used cleaned
[2025-03-06T05:47:00.135Z] [info]: Cleanup product: Cleaned 0 products
[2025-03-06T05:48:00.079Z] [info]: Cleanup key token: 0 key token cleaned
[2025-03-06T05:48:00.080Z] [info]: Cleanup key token: 0 refresh token used cleaned
[2025-03-06T05:48:00.126Z] [info]: Cleanup product: Cleaned 1 products
[2025-03-06T05:48:57.135Z] [info]: Server closed
[2025-03-06T05:48:57.172Z] [info]: Server closed
[2025-03-06T05:48:57.177Z] [info]: Server closed
[2025-03-06T05:52:00.086Z] [info]: Cleanup key token: 0 key token cleaned
[2025-03-06T05:52:00.088Z] [info]: Cleanup key token: 0 refresh token used cleaned
[2025-03-06T05:52:00.137Z] [info]: Cleanup product: Cleaned 0 products
[2025-03-06T05:53:00.130Z] [info]: Cleanup key token: 0 key token cleaned
[2025-03-06T05:53:00.131Z] [info]: Cleanup key token: 0 refresh token used cleaned
[2025-03-06T05:53:00.148Z] [info]: Cleanup product: Cleaned 0 products
[2025-03-06T05:56:00.087Z] [info]: Cleanup key token: 0 key token cleaned
[2025-03-06T05:56:00.087Z] [info]: Cleanup key token: 0 refresh token used cleaned
[2025-03-06T05:56:00.119Z] [info]: Cleanup product: Cleaned 0 products
[2025-03-06T05:57:00.109Z] [info]: Cleanup key token: 0 key token cleaned
[2025-03-06T05:57:00.109Z] [info]: Cleanup key token: 0 refresh token used cleaned
[2025-03-06T05:57:00.190Z] [info]: Cleanup product: Cleaned 0 products
[2025-03-06T05:58:00.096Z] [info]: Cleanup key token: 0 key token cleaned
[2025-03-06T05:58:00.096Z] [info]: Cleanup key token: 0 refresh token used cleaned
[2025-03-06T05:58:00.117Z] [info]: Cleanup product: Cleaned 0 products
[2025-03-06T05:59:00.111Z] [info]: Cleanup key token: 0 key token cleaned
[2025-03-06T05:59:00.112Z] [info]: Cleanup key token: 0 refresh token used cleaned
[2025-03-06T05:59:00.150Z] [info]: Cleanup product: Cleaned 0 products
[2025-03-06T06:00:00.086Z] [info]: Cleanup key token: 0 key token cleaned
[2025-03-06T06:00:00.086Z] [info]: Cleanup key token: 0 refresh token used cleaned
[2025-03-06T06:00:00.115Z] [info]: Cleanup product: Cleaned 0 products
[2025-03-06T06:01:00.088Z] [info]: Cleanup key token: 0 key token cleaned
[2025-03-06T06:01:00.088Z] [info]: Cleanup key token: 0 refresh token used cleaned
[2025-03-06T06:01:00.124Z] [info]: Cleanup product: Cleaned 0 products
[2025-03-06T06:02:00.102Z] [info]: Cleanup key token: 0 key token cleaned
[2025-03-06T06:02:00.103Z] [info]: Cleanup key token: 0 refresh token used cleaned
[2025-03-06T06:02:00.140Z] [info]: Cleanup product: Cleaned 0 products
[2025-03-06T06:03:00.081Z] [info]: Cleanup key token: 0 key token cleaned
[2025-03-06T06:03:00.081Z] [info]: Cleanup key token: 0 refresh token used cleaned
[2025-03-06T06:03:00.113Z] [info]: Cleanup product: Cleaned 0 products
[2025-03-06T06:04:00.110Z] [info]: Cleanup key token: 0 key token cleaned
[2025-03-06T06:04:00.110Z] [info]: Cleanup key token: 0 refresh token used cleaned
[2025-03-06T06:04:00.148Z] [info]: Cleanup product: Cleaned 0 products
[2025-03-06T06:05:00.087Z] [info]: Cleanup key token: 0 key token cleaned
[2025-03-06T06:05:00.088Z] [info]: Cleanup key token: 0 refresh token used cleaned
[2025-03-06T06:05:00.127Z] [info]: Cleanup product: Cleaned 0 products
[2025-03-06T06:06:00.106Z] [info]: Cleanup key token: 0 key token cleaned
[2025-03-06T06:06:00.106Z] [info]: Cleanup key token: 0 refresh token used cleaned
[2025-03-06T06:06:00.123Z] [info]: Cleanup product: Cleaned 0 products
[2025-03-06T06:07:00.081Z] [info]: Cleanup key token: 0 key token cleaned
[2025-03-06T06:07:00.081Z] [info]: Cleanup key token: 0 refresh token used cleaned
[2025-03-06T06:07:00.104Z] [info]: Cleanup product: Cleaned 0 products
[2025-03-06T06:08:00.101Z] [info]: Cleanup key token: 0 key token cleaned
[2025-03-06T06:08:00.102Z] [info]: Cleanup key token: 0 refresh token used cleaned
[2025-03-06T06:08:00.109Z] [info]: Cleanup product: Cleaned 0 products
[2025-03-06T06:09:00.077Z] [info]: Server closed
[2025-03-06T06:09:00.088Z] [info]: Server closed
[2025-03-06T06:09:00.091Z] [info]: Server closed
[2025-03-06T06:09:00.126Z] [info]: Cleanup key token: 0 key token cleaned
[2025-03-06T06:09:00.126Z] [info]: Cleanup key token: 0 refresh token used cleaned
[2025-03-06T06:10:00.099Z] [info]: Cleanup key token: 0 key token cleaned
[2025-03-06T06:10:00.100Z] [info]: Cleanup key token: 0 refresh token used cleaned
[2025-03-06T06:10:00.112Z] [info]: Cleanup product: Cleaned 0 products
[2025-03-06T06:11:00.077Z] [info]: Cleanup key token: 0 key token cleaned
[2025-03-06T06:11:00.078Z] [info]: Cleanup key token: 0 refresh token used cleaned
[2025-03-06T06:11:00.119Z] [info]: Cleanup product: Cleaned 0 products
[2025-03-06T06:12:00.097Z] [info]: Cleanup key token: 0 key token cleaned
[2025-03-06T06:12:00.097Z] [info]: Cleanup key token: 0 refresh token used cleaned
[2025-03-06T06:12:00.141Z] [info]: Cleanup product: Cleaned 0 products
[2025-03-06T06:13:00.071Z] [info]: Cleanup key token: 0 key token cleaned
[2025-03-06T06:13:00.072Z] [info]: Cleanup key token: 0 refresh token used cleaned
[2025-03-06T06:13:00.115Z] [info]: Cleanup product: Cleaned 0 products
[2025-03-06T06:14:00.075Z] [info]: Cleanup key token: 0 key token cleaned
[2025-03-06T06:14:00.075Z] [info]: Cleanup key token: 0 refresh token used cleaned
[2025-03-06T06:14:00.114Z] [info]: Cleanup product: Cleaned 0 products
[2025-03-06T06:15:00.111Z] [info]: Cleanup key token: 0 key token cleaned
[2025-03-06T06:15:00.111Z] [info]: Cleanup key token: 0 refresh token used cleaned
[2025-03-06T06:15:00.153Z] [info]: Cleanup product: Cleaned 0 products
[2025-03-06T06:16:00.082Z] [info]: Cleanup key token: 0 key token cleaned
[2025-03-06T06:16:00.083Z] [info]: Cleanup key token: 0 refresh token used cleaned
[2025-03-06T06:16:00.113Z] [info]: Cleanup product: Cleaned 0 products
[2025-03-06T06:17:00.070Z] [info]: Cleanup key token: 0 key token cleaned
[2025-03-06T06:17:00.071Z] [info]: Cleanup key token: 0 refresh token used cleaned
[2025-03-06T06:17:00.139Z] [info]: Cleanup product: Cleaned 0 products
[2025-03-06T06:18:00.114Z] [info]: Cleanup key token: 0 key token cleaned
[2025-03-06T06:18:00.114Z] [info]: Cleanup key token: 0 refresh token used cleaned
[2025-03-06T06:18:00.157Z] [info]: Cleanup product: Cleaned 0 products
[2025-03-06T06:19:00.097Z] [info]: Cleanup key token: 0 key token cleaned
[2025-03-06T06:19:00.098Z] [info]: Cleanup key token: 0 refresh token used cleaned
[2025-03-06T06:19:00.128Z] [info]: Cleanup product: Cleaned 0 products
[2025-03-06T06:20:00.120Z] [info]: Cleanup key token: 0 key token cleaned
[2025-03-06T06:20:00.121Z] [info]: Cleanup key token: 0 refresh token used cleaned
[2025-03-06T06:20:00.131Z] [info]: Cleanup product: Cleaned 0 products
[2025-03-06T06:21:00.071Z] [info]: Cleanup key token: 0 key token cleaned
[2025-03-06T06:21:00.071Z] [info]: Cleanup key token: 0 refresh token used cleaned
[2025-03-06T06:21:00.104Z] [info]: Cleanup product: Cleaned 0 products
[2025-03-06T06:22:00.074Z] [info]: Cleanup key token: 0 key token cleaned
[2025-03-06T06:22:00.076Z] [info]: Cleanup key token: 0 refresh token used cleaned
[2025-03-06T06:22:00.111Z] [info]: Cleanup product: Cleaned 0 products
[2025-03-06T06:23:00.068Z] [info]: Cleanup key token: 0 key token cleaned
[2025-03-06T06:23:00.068Z] [info]: Cleanup key token: 0 refresh token used cleaned
[2025-03-06T06:23:00.104Z] [info]: Cleanup product: Cleaned 0 products
[2025-03-06T06:24:00.095Z] [info]: Cleanup key token: 0 key token cleaned
[2025-03-06T06:24:00.096Z] [info]: Cleanup key token: 0 refresh token used cleaned
[2025-03-06T06:24:00.661Z] [info]: Cleanup product: Cleaned 0 products
[2025-03-06T06:25:00.080Z] [info]: Cleanup key token: 0 key token cleaned
[2025-03-06T06:25:00.080Z] [info]: Cleanup key token: 0 refresh token used cleaned
[2025-03-06T06:25:00.106Z] [info]: Cleanup product: Cleaned 0 products
[2025-03-06T06:26:00.115Z] [info]: Cleanup product: Cleaned 0 products
[2025-03-06T06:26:00.368Z] [info]: Cleanup key token: 0 key token cleaned
[2025-03-06T06:26:00.369Z] [info]: Cleanup key token: 0 refresh token used cleaned
[2025-03-06T06:27:00.362Z] [info]: Cleanup product: Cleaned 0 products
[2025-03-06T06:27:00.366Z] [info]: Cleanup key token: 0 key token cleaned
[2025-03-06T06:27:00.367Z] [info]: Cleanup key token: 0 refresh token used cleaned
[2025-03-06T06:28:00.109Z] [info]: Cleanup product: Cleaned 0 products
[2025-03-06T06:28:00.142Z] [info]: Cleanup key token: 0 key token cleaned
[2025-03-06T06:28:00.142Z] [info]: Cleanup key token: 0 refresh token used cleaned
[2025-03-06T06:29:00.092Z] [info]: Cleanup key token: 0 key token cleaned
[2025-03-06T06:29:00.092Z] [info]: Cleanup key token: 0 refresh token used cleaned
[2025-03-06T06:29:00.124Z] [info]: Cleanup product: Cleaned 0 products
[2025-03-06T06:30:00.148Z] [info]: Cleanup key token: 0 key token cleaned
[2025-03-06T06:30:00.149Z] [info]: Cleanup key token: 0 refresh token used cleaned
[2025-03-06T06:30:01.880Z] [info]: Cleanup product: Cleaned 0 products
[2025-03-06T06:31:00.154Z] [info]: Cleanup product: Cleaned 0 products
[2025-03-06T06:31:00.356Z] [info]: Cleanup key token: 0 key token cleaned
[2025-03-06T06:31:00.356Z] [info]: Cleanup key token: 0 refresh token used cleaned
[2025-03-06T06:32:00.126Z] [info]: Cleanup key token: 0 key token cleaned
[2025-03-06T06:32:00.127Z] [info]: Cleanup key token: 0 refresh token used cleaned
[2025-03-06T06:32:00.399Z] [info]: Cleanup product: Cleaned 0 products
[2025-03-06T06:33:00.083Z] [info]: Cleanup key token: 0 key token cleaned
[2025-03-06T06:33:00.084Z] [info]: Cleanup key token: 0 refresh token used cleaned
[2025-03-06T06:33:00.126Z] [info]: Cleanup product: Cleaned 0 products
[2025-03-06T06:34:00.086Z] [info]: Cleanup key token: 0 key token cleaned
[2025-03-06T06:34:00.086Z] [info]: Cleanup key token: 0 refresh token used cleaned
[2025-03-06T06:34:00.123Z] [info]: Cleanup product: Cleaned 0 products
[2025-03-06T06:35:00.162Z] [info]: Cleanup product: Cleaned 0 products
[2025-03-06T06:35:00.311Z] [info]: Cleanup key token: 0 key token cleaned
[2025-03-06T06:35:00.311Z] [info]: Cleanup key token: 0 refresh token used cleaned
[2025-03-06T06:36:00.356Z] [info]: Cleanup product: Cleaned 0 products
[2025-03-06T06:36:01.239Z] [info]: Cleanup key token: 0 key token cleaned
[2025-03-06T06:36:01.239Z] [info]: Cleanup key token: 0 refresh token used cleaned
[2025-03-06T06:37:00.202Z] [info]: Cleanup key token: 0 key token cleaned
[2025-03-06T06:37:00.202Z] [info]: Cleanup key token: 0 refresh token used cleaned
[2025-03-06T06:37:00.638Z] [info]: Cleanup product: Cleaned 0 products
[2025-03-06T06:38:00.145Z] [info]: Cleanup key token: 0 key token cleaned
[2025-03-06T06:38:00.145Z] [info]: Cleanup key token: 0 refresh token used cleaned
[2025-03-06T06:38:00.147Z] [info]: Cleanup product: Cleaned 0 products
[2025-03-06T06:39:00.136Z] [info]: Cleanup key token: 0 key token cleaned
[2025-03-06T06:39:00.138Z] [info]: Cleanup key token: 0 refresh token used cleaned
[2025-03-06T06:39:00.141Z] [info]: Cleanup product: Cleaned 0 products
[2025-03-06T06:40:00.109Z] [info]: Cleanup key token: 0 key token cleaned
[2025-03-06T06:40:00.110Z] [info]: Cleanup key token: 0 refresh token used cleaned
[2025-03-06T06:40:00.117Z] [info]: Cleanup product: Cleaned 0 products
[2025-03-06T06:41:00.107Z] [info]: Cleanup key token: 0 key token cleaned
[2025-03-06T06:41:00.108Z] [info]: Cleanup key token: 0 refresh token used cleaned
[2025-03-06T06:41:00.110Z] [info]: Cleanup product: Cleaned 0 products
[2025-03-06T06:42:00.090Z] [info]: Cleanup key token: 0 key token cleaned
[2025-03-06T06:42:00.090Z] [info]: Cleanup key token: 0 refresh token used cleaned
[2025-03-06T06:42:00.122Z] [info]: Cleanup product: Cleaned 0 products
[2025-03-06T06:43:00.106Z] [info]: Cleanup key token: 0 key token cleaned
[2025-03-06T06:43:00.107Z] [info]: Cleanup key token: 0 refresh token used cleaned
[2025-03-06T06:43:00.145Z] [info]: Cleanup product: Cleaned 0 products
[2025-03-06T06:44:00.080Z] [info]: Cleanup key token: 0 key token cleaned
[2025-03-06T06:44:00.081Z] [info]: Cleanup key token: 0 refresh token used cleaned
[2025-03-06T06:44:00.369Z] [info]: Cleanup product: Cleaned 0 products
[2025-03-06T06:45:00.166Z] [info]: Cleanup key token: 0 key token cleaned
[2025-03-06T06:45:00.167Z] [info]: Cleanup key token: 0 refresh token used cleaned
[2025-03-06T06:45:00.170Z] [info]: Cleanup product: Cleaned 0 products
[2025-03-06T06:46:00.124Z] [info]: Cleanup key token: 0 key token cleaned
[2025-03-06T06:46:00.125Z] [info]: Cleanup key token: 0 refresh token used cleaned
[2025-03-06T06:46:00.142Z] [info]: Cleanup product: Cleaned 0 products
[2025-03-06T06:47:00.080Z] [info]: Cleanup key token: 0 key token cleaned
[2025-03-06T06:47:00.081Z] [info]: Cleanup key token: 0 refresh token used cleaned
[2025-03-06T06:47:00.115Z] [info]: Cleanup product: Cleaned 0 products
[2025-03-06T06:48:00.081Z] [info]: Cleanup key token: 0 key token cleaned
[2025-03-06T06:48:00.082Z] [info]: Cleanup key token: 0 refresh token used cleaned
[2025-03-06T06:48:00.117Z] [info]: Cleanup product: Cleaned 0 products
[2025-03-06T06:49:00.081Z] [info]: Cleanup key token: 0 key token cleaned
[2025-03-06T06:49:00.082Z] [info]: Cleanup key token: 0 refresh token used cleaned
[2025-03-06T06:49:00.119Z] [info]: Cleanup product: Cleaned 0 products
[2025-03-06T06:50:00.082Z] [info]: Cleanup key token: 0 key token cleaned
[2025-03-06T06:50:00.083Z] [info]: Cleanup key token: 0 refresh token used cleaned
[2025-03-06T06:50:00.108Z] [info]: Cleanup product: Cleaned 0 products
[2025-03-06T06:51:00.086Z] [info]: Cleanup key token: 0 key token cleaned
[2025-03-06T06:51:00.087Z] [info]: Cleanup key token: 0 refresh token used cleaned
[2025-03-06T06:51:00.117Z] [info]: Cleanup product: Cleaned 0 products
[2025-03-06T06:52:00.078Z] [info]: Cleanup key token: 0 key token cleaned
[2025-03-06T06:52:00.078Z] [info]: Cleanup key token: 0 refresh token used cleaned
[2025-03-06T06:52:00.110Z] [info]: Cleanup product: Cleaned 0 products
[2025-03-06T06:53:00.090Z] [info]: Cleanup key token: 0 key token cleaned
[2025-03-06T06:53:00.091Z] [info]: Cleanup key token: 0 refresh token used cleaned
[2025-03-06T06:53:00.122Z] [info]: Cleanup product: Cleaned 0 products
[2025-03-06T06:54:00.081Z] [info]: Cleanup key token: 0 key token cleaned
[2025-03-06T06:54:00.081Z] [info]: Cleanup key token: 0 refresh token used cleaned
[2025-03-06T06:54:00.112Z] [info]: Cleanup product: Cleaned 0 products
[2025-03-06T06:55:00.096Z] [info]: Cleanup key token: 0 key token cleaned
[2025-03-06T06:55:00.096Z] [info]: Cleanup key token: 0 refresh token used cleaned
[2025-03-06T06:55:00.121Z] [info]: Cleanup product: Cleaned 0 products
[2025-03-06T06:56:00.091Z] [info]: Cleanup key token: 0 key token cleaned
[2025-03-06T06:56:00.091Z] [info]: Cleanup key token: 0 refresh token used cleaned
[2025-03-06T06:56:00.126Z] [info]: Cleanup product: Cleaned 0 products
[2025-03-06T06:57:00.076Z] [info]: Cleanup key token: 0 key token cleaned
[2025-03-06T06:57:00.077Z] [info]: Cleanup key token: 0 refresh token used cleaned
[2025-03-06T06:57:00.122Z] [info]: Cleanup product: Cleaned 0 products
[2025-03-06T06:58:00.109Z] [info]: Cleanup key token: 0 key token cleaned
[2025-03-06T06:58:00.109Z] [info]: Cleanup key token: 0 refresh token used cleaned
[2025-03-06T06:58:00.157Z] [info]: Cleanup product: Cleaned 0 products
[2025-03-06T06:59:00.115Z] [info]: Cleanup key token: 0 key token cleaned
[2025-03-06T06:59:00.117Z] [info]: Cleanup key token: 0 refresh token used cleaned
[2025-03-06T06:59:00.120Z] [info]: Cleanup product: Cleaned 0 products
[2025-03-06T07:00:00.106Z] [info]: Cleanup key token: 0 key token cleaned
[2025-03-06T07:00:00.107Z] [info]: Cleanup key token: 0 refresh token used cleaned
[2025-03-06T07:00:00.117Z] [info]: Cleanup product: Cleaned 0 products
[2025-03-06T07:02:00.120Z] [info]: Cleanup key token: 0 key token cleaned
[2025-03-06T07:02:00.121Z] [info]: Cleanup key token: 0 refresh token used cleaned
[2025-03-06T07:02:00.168Z] [info]: Cleanup product: Cleaned 0 products
[2025-03-06T07:03:00.101Z] [info]: Cleanup key token: 0 key token cleaned
[2025-03-06T07:03:00.102Z] [info]: Cleanup key token: 0 refresh token used cleaned
[2025-03-06T07:03:00.121Z] [info]: Cleanup product: Cleaned 0 products
[2025-03-06T07:04:00.081Z] [info]: Cleanup key token: 0 key token cleaned
[2025-03-06T07:04:00.081Z] [info]: Cleanup key token: 0 refresh token used cleaned
[2025-03-06T07:04:00.135Z] [info]: Cleanup product: Cleaned 0 products
[2025-03-06T07:05:00.080Z] [info]: Cleanup key token: 0 key token cleaned
[2025-03-06T07:05:00.081Z] [info]: Cleanup key token: 0 refresh token used cleaned
[2025-03-06T07:05:00.131Z] [info]: Cleanup product: Cleaned 0 products
[2025-03-06T07:06:36.929Z] [info]: Cleanup key token: 0 key token cleaned
[2025-03-06T07:06:36.930Z] [info]: Cleanup key token: 0 refresh token used cleaned
[2025-03-06T07:06:36.998Z] [info]: Cleanup product: Cleaned 0 products
[2025-03-06T07:07:00.134Z] [info]: Cleanup key token: 0 key token cleaned
[2025-03-06T07:07:00.135Z] [info]: Cleanup key token: 0 refresh token used cleaned
[2025-03-06T07:07:00.202Z] [info]: Cleanup product: Cleaned 0 products
[2025-03-06T07:08:00.101Z] [info]: Cleanup key token: 0 key token cleaned
[2025-03-06T07:08:00.102Z] [info]: Cleanup key token: 0 refresh token used cleaned
[2025-03-06T07:08:00.161Z] [info]: Cleanup product: Cleaned 0 products
[2025-03-06T07:09:00.143Z] [info]: Cleanup key token: 0 key token cleaned
[2025-03-06T07:09:00.143Z] [info]: Cleanup key token: 0 refresh token used cleaned
[2025-03-06T07:09:00.188Z] [info]: Cleanup product: Cleaned 0 products
[2025-03-06T07:10:00.101Z] [info]: Cleanup key token: 0 key token cleaned
[2025-03-06T07:10:00.101Z] [info]: Cleanup key token: 0 refresh token used cleaned
[2025-03-06T07:10:00.140Z] [info]: Cleanup product: Cleaned 0 products
[2025-03-06T07:11:00.103Z] [info]: Cleanup key token: 0 key token cleaned
[2025-03-06T07:11:00.104Z] [info]: Cleanup key token: 0 refresh token used cleaned
[2025-03-06T07:11:00.136Z] [info]: Cleanup product: Cleaned 0 products
[2025-03-06T07:12:14.928Z] [info]: Cleanup key token: 0 key token cleaned
[2025-03-06T07:12:14.929Z] [info]: Cleanup key token: 0 refresh token used cleaned
[2025-03-06T07:12:15.043Z] [info]: Cleanup product: Cleaned 0 products
[2025-03-06T07:13:00.111Z] [info]: Cleanup key token: 0 key token cleaned
[2025-03-06T07:13:00.111Z] [info]: Cleanup key token: 0 refresh token used cleaned
[2025-03-06T07:13:00.146Z] [info]: Cleanup product: Cleaned 0 products
[2025-03-06T07:14:00.096Z] [info]: Cleanup key token: 0 key token cleaned
[2025-03-06T07:14:00.096Z] [info]: Cleanup key token: 0 refresh token used cleaned
[2025-03-06T07:14:00.134Z] [info]: Cleanup product: Cleaned 0 products
[2025-03-06T07:15:00.125Z] [info]: Cleanup key token: 0 key token cleaned
[2025-03-06T07:15:00.126Z] [info]: Cleanup key token: 0 refresh token used cleaned
[2025-03-06T07:15:00.131Z] [info]: Cleanup product: Cleaned 0 products
[2025-03-06T07:16:00.082Z] [info]: Cleanup key token: 0 key token cleaned
[2025-03-06T07:16:00.083Z] [info]: Cleanup key token: 0 refresh token used cleaned
[2025-03-06T07:16:00.121Z] [info]: Cleanup product: Cleaned 0 products
[2025-03-06T07:17:00.095Z] [info]: Cleanup key token: 0 key token cleaned
[2025-03-06T07:17:00.096Z] [info]: Cleanup key token: 0 refresh token used cleaned
[2025-03-06T07:17:00.114Z] [info]: Cleanup product: Cleaned 0 products
[2025-03-06T07:18:00.080Z] [info]: Cleanup key token: 0 key token cleaned
[2025-03-06T07:18:00.080Z] [info]: Cleanup key token: 0 refresh token used cleaned
[2025-03-06T07:18:00.120Z] [info]: Cleanup product: Cleaned 0 products
[2025-03-06T07:19:00.112Z] [info]: Cleanup key token: 0 key token cleaned
[2025-03-06T07:19:00.113Z] [info]: Cleanup key token: 0 refresh token used cleaned
[2025-03-06T07:19:00.162Z] [info]: Cleanup product: Cleaned 0 products
[2025-03-06T07:23:00.099Z] [info]: Cleanup key token: 0 key token cleaned
[2025-03-06T07:23:00.099Z] [info]: Cleanup key token: 0 refresh token used cleaned
[2025-03-06T07:23:00.142Z] [info]: Cleanup product: Cleaned 0 products
[2025-03-06T07:24:00.102Z] [info]: Cleanup key token: 0 key token cleaned
[2025-03-06T07:24:00.103Z] [info]: Cleanup key token: 0 refresh token used cleaned
[2025-03-06T07:24:00.115Z] [info]: Cleanup product: Cleaned 0 products
[2025-03-06T07:25:00.106Z] [info]: Cleanup key token: 0 key token cleaned
[2025-03-06T07:25:00.107Z] [info]: Cleanup key token: 0 refresh token used cleaned
[2025-03-06T07:25:00.144Z] [info]: Cleanup product: Cleaned 0 products
[2025-03-06T07:26:00.109Z] [info]: Cleanup key token: 0 key token cleaned
[2025-03-06T07:26:00.110Z] [info]: Cleanup key token: 0 refresh token used cleaned
[2025-03-06T07:26:00.145Z] [info]: Cleanup product: Cleaned 0 products
[2025-03-06T07:27:00.103Z] [info]: Cleanup key token: 0 key token cleaned
[2025-03-06T07:27:00.103Z] [info]: Cleanup key token: 0 refresh token used cleaned
[2025-03-06T07:27:00.135Z] [info]: Cleanup product: Cleaned 0 products
[2025-03-06T07:28:00.079Z] [info]: Cleanup key token: 0 key token cleaned
[2025-03-06T07:28:00.080Z] [info]: Cleanup key token: 0 refresh token used cleaned
[2025-03-06T07:28:00.111Z] [info]: Cleanup product: Cleaned 0 products
[2025-03-06T07:29:00.122Z] [info]: Cleanup key token: 0 key token cleaned
[2025-03-06T07:29:00.123Z] [info]: Cleanup key token: 0 refresh token used cleaned
[2025-03-06T07:29:00.131Z] [info]: Cleanup product: Cleaned 0 products
[2025-03-06T07:30:00.116Z] [info]: Cleanup key token: 0 key token cleaned
[2025-03-06T07:30:00.116Z] [info]: Cleanup key token: 0 refresh token used cleaned
[2025-03-06T07:30:00.157Z] [info]: Cleanup product: Cleaned 0 products
[2025-03-06T07:31:00.084Z] [info]: Cleanup key token: 0 key token cleaned
[2025-03-06T07:31:00.085Z] [info]: Cleanup key token: 0 refresh token used cleaned
[2025-03-06T07:31:00.125Z] [info]: Cleanup product: Cleaned 0 products
[2025-03-06T07:32:00.090Z] [info]: Cleanup key token: 0 key token cleaned
[2025-03-06T07:32:00.091Z] [info]: Cleanup key token: 0 refresh token used cleaned
[2025-03-06T07:32:00.149Z] [info]: Cleanup product: Cleaned 0 products
[2025-03-06T07:33:00.112Z] [info]: Cleanup key token: 0 key token cleaned
[2025-03-06T07:33:00.113Z] [info]: Cleanup key token: 0 refresh token used cleaned
[2025-03-06T07:33:00.152Z] [info]: Cleanup product: Cleaned 0 products
[2025-03-06T07:34:00.087Z] [info]: Cleanup key token: 0 key token cleaned
[2025-03-06T07:34:00.088Z] [info]: Cleanup key token: 0 refresh token used cleaned
[2025-03-06T07:34:00.125Z] [info]: Cleanup product: Cleaned 0 products
[2025-03-06T07:35:00.090Z] [info]: Cleanup key token: 0 key token cleaned
[2025-03-06T07:35:00.090Z] [info]: Cleanup key token: 0 refresh token used cleaned
[2025-03-06T07:35:00.124Z] [info]: Cleanup product: Cleaned 0 products
[2025-03-06T07:36:00.128Z] [info]: Cleanup key token: 0 key token cleaned
[2025-03-06T07:36:00.129Z] [info]: Cleanup key token: 0 refresh token used cleaned
[2025-03-06T07:36:00.169Z] [info]: Cleanup product: Cleaned 0 products
[2025-03-06T07:37:00.096Z] [info]: Cleanup key token: 0 key token cleaned
[2025-03-06T07:37:00.096Z] [info]: Cleanup key token: 0 refresh token used cleaned
[2025-03-06T07:37:00.136Z] [info]: Cleanup product: Cleaned 0 products
[2025-03-06T07:38:00.091Z] [info]: Cleanup key token: 0 key token cleaned
[2025-03-06T07:38:00.092Z] [info]: Cleanup key token: 0 refresh token used cleaned
[2025-03-06T07:38:00.114Z] [info]: Cleanup product: Cleaned 0 products
[2025-03-06T07:39:00.083Z] [info]: Cleanup key token: 0 key token cleaned
[2025-03-06T07:39:00.083Z] [info]: Cleanup key token: 0 refresh token used cleaned
[2025-03-06T07:39:00.139Z] [info]: Cleanup product: Cleaned 0 products
[2025-03-06T07:40:00.117Z] [info]: Cleanup key token: 0 key token cleaned
[2025-03-06T07:40:00.118Z] [info]: Cleanup key token: 0 refresh token used cleaned
[2025-03-06T07:40:00.127Z] [info]: Cleanup product: Cleaned 0 products
[2025-03-06T07:41:00.084Z] [info]: Cleanup key token: 0 key token cleaned
[2025-03-06T07:41:00.085Z] [info]: Cleanup key token: 0 refresh token used cleaned
[2025-03-06T07:41:00.124Z] [info]: Cleanup product: Cleaned 0 products
[2025-03-06T07:42:00.076Z] [info]: Cleanup key token: 0 key token cleaned
[2025-03-06T07:42:00.077Z] [info]: Cleanup key token: 0 refresh token used cleaned
[2025-03-06T07:42:00.149Z] [info]: Cleanup product: Cleaned 0 products
[2025-03-06T07:43:00.081Z] [info]: Cleanup key token: 0 key token cleaned
[2025-03-06T07:43:00.082Z] [info]: Cleanup key token: 0 refresh token used cleaned
[2025-03-06T07:43:00.131Z] [info]: Cleanup product: Cleaned 0 products
[2025-03-06T07:44:00.095Z] [info]: Cleanup key token: 0 key token cleaned
[2025-03-06T07:44:00.096Z] [info]: Cleanup key token: 0 refresh token used cleaned
[2025-03-06T07:44:00.101Z] [info]: Cleanup product: Cleaned 0 products
[2025-03-06T07:45:00.108Z] [info]: Cleanup key token: 0 key token cleaned
[2025-03-06T07:45:00.108Z] [info]: Cleanup key token: 0 refresh token used cleaned
[2025-03-06T07:45:00.141Z] [info]: Cleanup product: Cleaned 0 products
[2025-03-06T07:47:00.412Z] [info]: Cleanup key token: 0 key token cleaned
[2025-03-06T07:47:00.413Z] [info]: Cleanup key token: 0 refresh token used cleaned
[2025-03-06T07:47:00.559Z] [info]: Cleanup product: Cleaned 0 products
[2025-03-06T07:48:00.133Z] [info]: Cleanup key token: 0 key token cleaned
[2025-03-06T07:48:00.133Z] [info]: Cleanup key token: 0 refresh token used cleaned
[2025-03-06T07:48:00.172Z] [info]: Cleanup product: Cleaned 0 products
[2025-03-06T07:52:00.111Z] [info]: Cleanup key token: 0 key token cleaned
[2025-03-06T07:52:00.112Z] [info]: Cleanup key token: 0 refresh token used cleaned
[2025-03-06T07:52:00.162Z] [info]: Cleanup product: Cleaned 0 products
[2025-03-06T07:53:00.100Z] [info]: Cleanup key token: 0 key token cleaned
[2025-03-06T07:53:00.100Z] [info]: Cleanup key token: 0 refresh token used cleaned
[2025-03-06T07:53:00.168Z] [info]: Cleanup product: Cleaned 0 products
[2025-03-06T07:54:00.072Z] [info]: Cleanup key token: 0 key token cleaned
[2025-03-06T07:54:00.073Z] [info]: Cleanup key token: 0 refresh token used cleaned
[2025-03-06T07:54:00.140Z] [info]: Cleanup product: Cleaned 0 products
[2025-03-06T07:55:00.089Z] [info]: Cleanup key token: 0 key token cleaned
[2025-03-06T07:55:00.090Z] [info]: Cleanup key token: 0 refresh token used cleaned
[2025-03-06T07:55:00.178Z] [info]: Cleanup product: Cleaned 0 products
[2025-03-06T07:56:00.095Z] [info]: Cleanup key token: 0 key token cleaned
[2025-03-06T07:56:00.095Z] [info]: Cleanup key token: 0 refresh token used cleaned
[2025-03-06T07:56:00.111Z] [info]: Cleanup product: Cleaned 0 products
[2025-03-06T07:57:00.067Z] [info]: Cleanup key token: 0 key token cleaned
[2025-03-06T07:57:00.068Z] [info]: Cleanup key token: 0 refresh token used cleaned
[2025-03-06T07:57:00.098Z] [info]: Cleanup product: Cleaned 0 products
[2025-03-06T07:58:00.065Z] [info]: Cleanup key token: 0 key token cleaned
[2025-03-06T07:58:00.065Z] [info]: Cleanup key token: 0 refresh token used cleaned
[2025-03-06T07:58:00.104Z] [info]: Cleanup product: Cleaned 0 products
[2025-03-06T07:59:00.083Z] [info]: Cleanup key token: 0 key token cleaned
[2025-03-06T07:59:00.084Z] [info]: Cleanup key token: 0 refresh token used cleaned
[2025-03-06T07:59:00.144Z] [info]: Cleanup product: Cleaned 0 products
[2025-03-06T08:20:00.131Z] [info]: Cleanup product: Cleaned 0 products
[2025-03-06T08:20:00.162Z] [info]: Cleanup key token: 0 key token cleaned
[2025-03-06T08:20:00.162Z] [info]: Cleanup key token: 0 refresh token used cleaned
[2025-03-06T08:21:00.127Z] [info]: Cleanup product: Cleaned 0 products
[2025-03-06T08:21:00.294Z] [info]: Cleanup key token: 0 key token cleaned
[2025-03-06T08:21:00.295Z] [info]: Cleanup key token: 0 refresh token used cleaned
[2025-03-06T08:22:00.113Z] [info]: Cleanup product: Cleaned 0 products
[2025-03-06T08:22:00.179Z] [info]: Cleanup key token: 0 key token cleaned
[2025-03-06T08:22:00.180Z] [info]: Cleanup key token: 0 refresh token used cleaned
[2025-03-06T08:22:07.877Z] [info]: Server closed
[2025-03-06T08:22:07.909Z] [info]: Server closed
[2025-03-06T08:22:07.932Z] [info]: Server closed
