[2025-03-04T01:31:22.845Z] [error]: MongoNotConnectedError: Client must be connected before running operations
[2025-03-04T01:32:01.347Z] [error]: MongoNotConnectedError: Client must be connected before running operations
[2025-03-04T01:33:03.124Z] [error]: MongoNotConnectedError: Client must be connected before running operations
[2025-03-04T01:34:03.025Z] [error]: MongoNotConnectedError: Client must be connected before running operations
[2025-03-04T01:35:01.564Z] [error]: MongoNotConnectedError: Client must be connected before running operations
[2025-03-04T01:36:03.118Z] [error]: MongoNotConnectedError: Client must be connected before running operations
[2025-03-04T04:21:41.838Z] [error]: HIDE::404::NotFound::User is exists!::
[2025-03-04T04:24:09.048Z] [error]: HIDE::400::ErrorResponse::Invalid request body!::
[2025-03-04T04:31:36.512Z] [error]: HIDE::500::Error::::
[2025-03-04T04:46:25.535Z] [error]: HIDE::403::Forbidden::Invalid token!::
[2025-03-04T04:46:28.512Z] [error]: HIDE::404::NotFound::Key token not found!::
[2025-03-04T04:53:02.074Z] [error]: HIDE::400::ErrorResponse::Invalid request body!::
[2025-03-04T05:50:20.363Z] [error]: MongoServerSelectionError: getaddrinfo EAI_AGAIN cluster0-shard-00-00.q7xyq.mongodb.net
[2025-03-04T05:51:08.363Z] [error]: MongoServerSelectionError: getaddrinfo EAI_AGAIN cluster0-shard-00-00.q7xyq.mongodb.net
[2025-03-04T05:54:28.464Z] [error]: Server closed
[2025-03-04T05:54:28.505Z] [error]: Server closed
[2025-03-04T05:54:28.517Z] [error]: Server closed
[2025-03-04T05:55:02.553Z] [error]: MongoNotConnectedError: Client must be connected before running operations
[2025-03-04T05:55:29.597Z] [error]: HIDE::400::ErrorResponse::Invalid request body!::
[2025-03-04T05:56:02.747Z] [error]: MongoNotConnectedError: Client must be connected before running operations
[2025-03-04T05:56:34.348Z] [error]: HIDE::400::ErrorResponse::Invalid request body!::
[2025-03-04T05:57:02.944Z] [error]: MongoNotConnectedError: Client must be connected before running operations
[2025-03-04T05:57:15.746Z] [error]: HIDE::400::ErrorResponse::Invalid request body!::
[2025-03-04T05:57:56.761Z] [error]: HIDE::400::ErrorResponse::Invalid request body!::
[2025-03-04T05:58:01.558Z] [error]: MongoNotConnectedError: Client must be connected before running operations
[2025-03-04T05:58:38.651Z] [error]: HIDE::400::ErrorResponse::"product_category" must be [[object Object]]::
[2025-03-04T05:58:43.179Z] [error]: HIDE::400::ErrorResponse::"product_id" is required::
[2025-03-04T05:58:46.363Z] [error]: HIDE::400::ErrorResponse::"product_category" must be [[object Object]]::
[2025-03-04T05:59:03.275Z] [error]: MongoNotConnectedError: Client must be connected before running operations
[2025-03-04T05:59:13.027Z] [error]: HIDE::400::ErrorResponse::"product_category" must be [[object Object]]::
[2025-03-04T06:00:03.119Z] [error]: MongoNotConnectedError: Client must be connected before running operations
[2025-03-04T06:01:03.096Z] [error]: MongoNotConnectedError: Client must be connected before running operations
[2025-03-04T06:02:03.039Z] [error]: MongoNotConnectedError: Client must be connected before running operations
[2025-03-04T06:03:01.600Z] [error]: MongoNotConnectedError: Client must be connected before running operations
[2025-03-04T06:03:54.756Z] [error]: HIDE::400::ErrorResponse::"product_category" must be one of [Phone, Clothes]::
[2025-03-04T06:04:03.374Z] [error]: MongoNotConnectedError: Client must be connected before running operations
[2025-03-04T06:05:03.729Z] [error]: MongoNotConnectedError: Client must be connected before running operations
[2025-03-04T06:05:18.761Z] [error]: Server closed
[2025-03-04T06:05:18.798Z] [error]: Server closed
[2025-03-04T06:05:18.800Z] [error]: Server closed
